2016-11-01 04:34:22 Notice: Notice (8): Undefined variable: name in [/Users/varunprathap/demoapp/vendor/maiconpinto/cakephp-adminlte-theme/src/Template/Element/aside/user-panel.ctp, line 16]
Request URL: /users/add
Trace:
Cake\Error\BaseErrorHandler::handleError() - CORE/src/Error/BaseErrorHandler.php, line 146
include - ROOT/vendor/maiconpinto/cakephp-adminlte-theme/src/Template/Element/aside/user-panel.ctp, line 16
Cake\View\View::_evaluate() - CORE/src/View/View.php, line 1005
Cake\View\View::_render() - CORE/src/View/View.php, line 964
Cake\View\View::_renderElement() - CORE/src/View/View.php, line 1350
Cake\View\View::element() - CORE/src/View/View.php, line 493
include - ROOT/vendor/maiconpinto/cakephp-adminlte-theme/src/Template/Element/aside-main-sidebar.ctp, line 14
Cake\View\View::_evaluate() - CORE/src/View/View.php, line 1005
Cake\View\View::_render() - CORE/src/View/View.php, line 964
Cake\View\View::_renderElement() - CORE/src/View/View.php, line 1350
Cake\View\View::element() - CORE/src/View/View.php, line 493
include - ROOT/vendor/maiconpinto/cakephp-adminlte-theme/src/Template/Layout/default.ctp, line 131
Cake\View\View::_evaluate() - CORE/src/View/View.php, line 1005
Cake\View\View::_render() - CORE/src/View/View.php, line 964
Cake\View\View::renderLayout() - CORE/src/View/View.php, line 635
Cake\View\View::render() - CORE/src/View/View.php, line 593
Cake\Controller\Controller::render() - CORE/src/Controller/Controller.php, line 617
Cake\Http\ActionDispatcher::_invoke() - CORE/src/Http/ActionDispatcher.php, line 131
Cake\Http\ActionDispatcher::dispatch() - CORE/src/Http/ActionDispatcher.php, line 99
Cake\Routing\Dispatcher::dispatch() - CORE/src/Routing/Dispatcher.php, line 65
[main] - ROOT/webroot/index.php, line 36



2016-11-01 04:36:37 Notice: Notice (8): Undefined variable: payGrades in [/Users/varunprathap/demoapp/src/Template/Jobs/add.ctp, line 41]
Request URL: /jobs/add
Referer URL: http://localhost:8765/Jobs
Trace:
Cake\Error\BaseErrorHandler::handleError() - CORE/src/Error/BaseErrorHandler.php, line 146
include - APP/Template/Jobs/add.ctp, line 41
Cake\View\View::_evaluate() - CORE/src/View/View.php, line 1005
Cake\View\View::_render() - CORE/src/View/View.php, line 964
Cake\View\View::render() - CORE/src/View/View.php, line 588
Cake\Controller\Controller::render() - CORE/src/Controller/Controller.php, line 617
Cake\Http\ActionDispatcher::_invoke() - CORE/src/Http/ActionDispatcher.php, line 131
Cake\Http\ActionDispatcher::dispatch() - CORE/src/Http/ActionDispatcher.php, line 99
Cake\Routing\Dispatcher::dispatch() - CORE/src/Routing/Dispatcher.php, line 65
[main] - ROOT/webroot/index.php, line 36



2016-11-01 04:37:38 Notice: Notice (8): Undefined variable: payGrades in [/Users/varunprathap/demoapp/src/Template/Jobs/add.ctp, line 41]
Request URL: /jobs/add
Referer URL: http://localhost:8765/Jobs
Trace:
Cake\Error\BaseErrorHandler::handleError() - CORE/src/Error/BaseErrorHandler.php, line 146
include - APP/Template/Jobs/add.ctp, line 41
Cake\View\View::_evaluate() - CORE/src/View/View.php, line 1005
Cake\View\View::_render() - CORE/src/View/View.php, line 964
Cake\View\View::render() - CORE/src/View/View.php, line 588
Cake\Controller\Controller::render() - CORE/src/Controller/Controller.php, line 617
Cake\Http\ActionDispatcher::_invoke() - CORE/src/Http/ActionDispatcher.php, line 131
Cake\Http\ActionDispatcher::dispatch() - CORE/src/Http/ActionDispatcher.php, line 99
Cake\Routing\Dispatcher::dispatch() - CORE/src/Routing/Dispatcher.php, line 65
[main] - ROOT/webroot/index.php, line 36



2016-11-01 04:37:44 Notice: Notice (8): Undefined variable: payGrades in [/Users/varunprathap/demoapp/src/Template/Jobs/add.ctp, line 41]
Request URL: /jobs/add
Referer URL: http://localhost:8765/Jobs
Trace:
Cake\Error\BaseErrorHandler::handleError() - CORE/src/Error/BaseErrorHandler.php, line 146
include - APP/Template/Jobs/add.ctp, line 41
Cake\View\View::_evaluate() - CORE/src/View/View.php, line 1005
Cake\View\View::_render() - CORE/src/View/View.php, line 964
Cake\View\View::render() - CORE/src/View/View.php, line 588
Cake\Controller\Controller::render() - CORE/src/Controller/Controller.php, line 617
Cake\Http\ActionDispatcher::_invoke() - CORE/src/Http/ActionDispatcher.php, line 131
Cake\Http\ActionDispatcher::dispatch() - CORE/src/Http/ActionDispatcher.php, line 99
Cake\Routing\Dispatcher::dispatch() - CORE/src/Routing/Dispatcher.php, line 65
[main] - ROOT/webroot/index.php, line 36



2016-11-01 04:39:04 Notice: Notice (8): Trying to get property of non-object in [/Users/varunprathap/demoapp/src/Template/Profiles/index.ctp, line 26]
Request URL: /Profiles
Referer URL: http://localhost:8765/
Trace:
Cake\Error\BaseErrorHandler::handleError() - CORE/src/Error/BaseErrorHandler.php, line 146
include - APP/Template/Profiles/index.ctp, line 26
Cake\View\View::_evaluate() - CORE/src/View/View.php, line 1005
Cake\View\View::_render() - CORE/src/View/View.php, line 964
Cake\View\View::render() - CORE/src/View/View.php, line 588
Cake\Controller\Controller::render() - CORE/src/Controller/Controller.php, line 617
Cake\Http\ActionDispatcher::_invoke() - CORE/src/Http/ActionDispatcher.php, line 131
Cake\Http\ActionDispatcher::dispatch() - CORE/src/Http/ActionDispatcher.php, line 99
Cake\Routing\Dispatcher::dispatch() - CORE/src/Routing/Dispatcher.php, line 65
[main] - ROOT/webroot/index.php, line 36



2016-11-01 04:39:04 Notice: Notice (8): Trying to get property of non-object in [/Users/varunprathap/demoapp/src/Template/Profiles/index.ctp, line 27]
Request URL: /Profiles
Referer URL: http://localhost:8765/
Trace:
Cake\Error\BaseErrorHandler::handleError() - CORE/src/Error/BaseErrorHandler.php, line 146
include - APP/Template/Profiles/index.ctp, line 27
Cake\View\View::_evaluate() - CORE/src/View/View.php, line 1005
Cake\View\View::_render() - CORE/src/View/View.php, line 964
Cake\View\View::render() - CORE/src/View/View.php, line 588
Cake\Controller\Controller::render() - CORE/src/Controller/Controller.php, line 617
Cake\Http\ActionDispatcher::_invoke() - CORE/src/Http/ActionDispatcher.php, line 131
Cake\Http\ActionDispatcher::dispatch() - CORE/src/Http/ActionDispatcher.php, line 99
Cake\Routing\Dispatcher::dispatch() - CORE/src/Routing/Dispatcher.php, line 65
[main] - ROOT/webroot/index.php, line 36



2016-11-01 04:39:04 Notice: Notice (8): Trying to get property of non-object in [/Users/varunprathap/demoapp/src/Template/Profiles/index.ctp, line 88]
Request URL: /Profiles
Referer URL: http://localhost:8765/
Trace:
Cake\Error\BaseErrorHandler::handleError() - CORE/src/Error/BaseErrorHandler.php, line 146
include - APP/Template/Profiles/index.ctp, line 88
Cake\View\View::_evaluate() - CORE/src/View/View.php, line 1005
Cake\View\View::_render() - CORE/src/View/View.php, line 964
Cake\View\View::render() - CORE/src/View/View.php, line 588
Cake\Controller\Controller::render() - CORE/src/Controller/Controller.php, line 617
Cake\Http\ActionDispatcher::_invoke() - CORE/src/Http/ActionDispatcher.php, line 131
Cake\Http\ActionDispatcher::dispatch() - CORE/src/Http/ActionDispatcher.php, line 99
Cake\Routing\Dispatcher::dispatch() - CORE/src/Routing/Dispatcher.php, line 65
[main] - ROOT/webroot/index.php, line 36



2016-11-01 04:39:04 Notice: Notice (8): Trying to get property of non-object in [/Users/varunprathap/demoapp/src/Template/Profiles/index.ctp, line 100]
Request URL: /Profiles
Referer URL: http://localhost:8765/
Trace:
Cake\Error\BaseErrorHandler::handleError() - CORE/src/Error/BaseErrorHandler.php, line 146
include - APP/Template/Profiles/index.ctp, line 100
Cake\View\View::_evaluate() - CORE/src/View/View.php, line 1005
Cake\View\View::_render() - CORE/src/View/View.php, line 964
Cake\View\View::render() - CORE/src/View/View.php, line 588
Cake\Controller\Controller::render() - CORE/src/Controller/Controller.php, line 617
Cake\Http\ActionDispatcher::_invoke() - CORE/src/Http/ActionDispatcher.php, line 131
Cake\Http\ActionDispatcher::dispatch() - CORE/src/Http/ActionDispatcher.php, line 99
Cake\Routing\Dispatcher::dispatch() - CORE/src/Routing/Dispatcher.php, line 65
[main] - ROOT/webroot/index.php, line 36



2016-11-01 04:39:35 Notice: Notice (8): Undefined variable: payGrades in [/Users/varunprathap/demoapp/src/Template/Jobs/add.ctp, line 41]
Request URL: /jobs/add
Referer URL: http://localhost:8765/users/login
Trace:
Cake\Error\BaseErrorHandler::handleError() - CORE/src/Error/BaseErrorHandler.php, line 146
include - APP/Template/Jobs/add.ctp, line 41
Cake\View\View::_evaluate() - CORE/src/View/View.php, line 1005
Cake\View\View::_render() - CORE/src/View/View.php, line 964
Cake\View\View::render() - CORE/src/View/View.php, line 588
Cake\Controller\Controller::render() - CORE/src/Controller/Controller.php, line 617
Cake\Http\ActionDispatcher::_invoke() - CORE/src/Http/ActionDispatcher.php, line 131
Cake\Http\ActionDispatcher::dispatch() - CORE/src/Http/ActionDispatcher.php, line 99
Cake\Routing\Dispatcher::dispatch() - CORE/src/Routing/Dispatcher.php, line 65
[main] - ROOT/webroot/index.php, line 36



2016-11-01 04:43:15 Notice: Notice (8): Undefined variable: payGrades in [/Users/varunprathap/demoapp/src/Template/Jobs/add.ctp, line 41]
Request URL: /jobs/add
Referer URL: http://localhost:8765/Jobs
Trace:
Cake\Error\BaseErrorHandler::handleError() - CORE/src/Error/BaseErrorHandler.php, line 146
include - APP/Template/Jobs/add.ctp, line 41
Cake\View\View::_evaluate() - CORE/src/View/View.php, line 1005
Cake\View\View::_render() - CORE/src/View/View.php, line 964
Cake\View\View::render() - CORE/src/View/View.php, line 588
Cake\Controller\Controller::render() - CORE/src/Controller/Controller.php, line 617
Cake\Http\ActionDispatcher::_invoke() - CORE/src/Http/ActionDispatcher.php, line 131
Cake\Http\ActionDispatcher::dispatch() - CORE/src/Http/ActionDispatcher.php, line 99
Cake\Routing\Dispatcher::dispatch() - CORE/src/Routing/Dispatcher.php, line 65
[main] - ROOT/webroot/index.php, line 36



2016-11-01 04:49:07 Notice: Notice (8): Undefined variable: payGrades in [/Users/varunprathap/demoapp/src/Template/Jobs/add.ctp, line 41]
Request URL: /jobs/add
Referer URL: http://localhost:8765/Jobs
Trace:
Cake\Error\BaseErrorHandler::handleError() - CORE/src/Error/BaseErrorHandler.php, line 146
include - APP/Template/Jobs/add.ctp, line 41
Cake\View\View::_evaluate() - CORE/src/View/View.php, line 1005
Cake\View\View::_render() - CORE/src/View/View.php, line 964
Cake\View\View::render() - CORE/src/View/View.php, line 588
Cake\Controller\Controller::render() - CORE/src/Controller/Controller.php, line 617
Cake\Http\ActionDispatcher::_invoke() - CORE/src/Http/ActionDispatcher.php, line 131
Cake\Http\ActionDispatcher::dispatch() - CORE/src/Http/ActionDispatcher.php, line 99
Cake\Routing\Dispatcher::dispatch() - CORE/src/Routing/Dispatcher.php, line 65
[main] - ROOT/webroot/index.php, line 36



2016-11-01 04:49:15 Notice: Notice (8): Undefined variable: payGrades in [/Users/varunprathap/demoapp/src/Template/Jobs/add.ctp, line 41]
Request URL: /jobs/add
Referer URL: http://localhost:8765/Jobs
Trace:
Cake\Error\BaseErrorHandler::handleError() - CORE/src/Error/BaseErrorHandler.php, line 146
include - APP/Template/Jobs/add.ctp, line 41
Cake\View\View::_evaluate() - CORE/src/View/View.php, line 1005
Cake\View\View::_render() - CORE/src/View/View.php, line 964
Cake\View\View::render() - CORE/src/View/View.php, line 588
Cake\Controller\Controller::render() - CORE/src/Controller/Controller.php, line 617
Cake\Http\ActionDispatcher::_invoke() - CORE/src/Http/ActionDispatcher.php, line 131
Cake\Http\ActionDispatcher::dispatch() - CORE/src/Http/ActionDispatcher.php, line 99
Cake\Routing\Dispatcher::dispatch() - CORE/src/Routing/Dispatcher.php, line 65
[main] - ROOT/webroot/index.php, line 36



2016-11-01 04:49:43 Notice: Notice (8): Undefined variable: payGrades in [/Users/varunprathap/demoapp/src/Template/Jobs/add.ctp, line 41]
Request URL: /jobs/add
Referer URL: http://localhost:8765/Jobs
Trace:
Cake\Error\BaseErrorHandler::handleError() - CORE/src/Error/BaseErrorHandler.php, line 146
include - APP/Template/Jobs/add.ctp, line 41
Cake\View\View::_evaluate() - CORE/src/View/View.php, line 1005
Cake\View\View::_render() - CORE/src/View/View.php, line 964
Cake\View\View::render() - CORE/src/View/View.php, line 588
Cake\Controller\Controller::render() - CORE/src/Controller/Controller.php, line 617
Cake\Http\ActionDispatcher::_invoke() - CORE/src/Http/ActionDispatcher.php, line 131
Cake\Http\ActionDispatcher::dispatch() - CORE/src/Http/ActionDispatcher.php, line 99
Cake\Routing\Dispatcher::dispatch() - CORE/src/Routing/Dispatcher.php, line 65
[main] - ROOT/webroot/index.php, line 36



2016-11-01 04:50:09 Notice: Notice (8): Undefined variable: payGrades in [/Users/varunprathap/demoapp/src/Template/Jobs/add.ctp, line 41]
Request URL: /jobs/add
Referer URL: http://localhost:8765/Jobs
Trace:
Cake\Error\BaseErrorHandler::handleError() - CORE/src/Error/BaseErrorHandler.php, line 146
include - APP/Template/Jobs/add.ctp, line 41
Cake\View\View::_evaluate() - CORE/src/View/View.php, line 1005
Cake\View\View::_render() - CORE/src/View/View.php, line 964
Cake\View\View::render() - CORE/src/View/View.php, line 588
Cake\Controller\Controller::render() - CORE/src/Controller/Controller.php, line 617
Cake\Http\ActionDispatcher::_invoke() - CORE/src/Http/ActionDispatcher.php, line 131
Cake\Http\ActionDispatcher::dispatch() - CORE/src/Http/ActionDispatcher.php, line 99
Cake\Routing\Dispatcher::dispatch() - CORE/src/Routing/Dispatcher.php, line 65
[main] - ROOT/webroot/index.php, line 36



2016-11-01 04:53:31 Notice: Notice (8): Trying to get property of non-object in [/Users/varunprathap/demoapp/src/Template/Profiles/index.ctp, line 26]
Request URL: /Profiles
Referer URL: http://localhost:8765/
Trace:
Cake\Error\BaseErrorHandler::handleError() - CORE/src/Error/BaseErrorHandler.php, line 146
include - APP/Template/Profiles/index.ctp, line 26
Cake\View\View::_evaluate() - CORE/src/View/View.php, line 1005
Cake\View\View::_render() - CORE/src/View/View.php, line 964
Cake\View\View::render() - CORE/src/View/View.php, line 588
Cake\Controller\Controller::render() - CORE/src/Controller/Controller.php, line 617
Cake\Http\ActionDispatcher::_invoke() - CORE/src/Http/ActionDispatcher.php, line 131
Cake\Http\ActionDispatcher::dispatch() - CORE/src/Http/ActionDispatcher.php, line 99
Cake\Routing\Dispatcher::dispatch() - CORE/src/Routing/Dispatcher.php, line 65
[main] - ROOT/webroot/index.php, line 36



2016-11-01 04:53:31 Notice: Notice (8): Trying to get property of non-object in [/Users/varunprathap/demoapp/src/Template/Profiles/index.ctp, line 27]
Request URL: /Profiles
Referer URL: http://localhost:8765/
Trace:
Cake\Error\BaseErrorHandler::handleError() - CORE/src/Error/BaseErrorHandler.php, line 146
include - APP/Template/Profiles/index.ctp, line 27
Cake\View\View::_evaluate() - CORE/src/View/View.php, line 1005
Cake\View\View::_render() - CORE/src/View/View.php, line 964
Cake\View\View::render() - CORE/src/View/View.php, line 588
Cake\Controller\Controller::render() - CORE/src/Controller/Controller.php, line 617
Cake\Http\ActionDispatcher::_invoke() - CORE/src/Http/ActionDispatcher.php, line 131
Cake\Http\ActionDispatcher::dispatch() - CORE/src/Http/ActionDispatcher.php, line 99
Cake\Routing\Dispatcher::dispatch() - CORE/src/Routing/Dispatcher.php, line 65
[main] - ROOT/webroot/index.php, line 36



2016-11-01 04:53:31 Notice: Notice (8): Trying to get property of non-object in [/Users/varunprathap/demoapp/src/Template/Profiles/index.ctp, line 88]
Request URL: /Profiles
Referer URL: http://localhost:8765/
Trace:
Cake\Error\BaseErrorHandler::handleError() - CORE/src/Error/BaseErrorHandler.php, line 146
include - APP/Template/Profiles/index.ctp, line 88
Cake\View\View::_evaluate() - CORE/src/View/View.php, line 1005
Cake\View\View::_render() - CORE/src/View/View.php, line 964
Cake\View\View::render() - CORE/src/View/View.php, line 588
Cake\Controller\Controller::render() - CORE/src/Controller/Controller.php, line 617
Cake\Http\ActionDispatcher::_invoke() - CORE/src/Http/ActionDispatcher.php, line 131
Cake\Http\ActionDispatcher::dispatch() - CORE/src/Http/ActionDispatcher.php, line 99
Cake\Routing\Dispatcher::dispatch() - CORE/src/Routing/Dispatcher.php, line 65
[main] - ROOT/webroot/index.php, line 36



2016-11-01 04:53:31 Notice: Notice (8): Trying to get property of non-object in [/Users/varunprathap/demoapp/src/Template/Profiles/index.ctp, line 100]
Request URL: /Profiles
Referer URL: http://localhost:8765/
Trace:
Cake\Error\BaseErrorHandler::handleError() - CORE/src/Error/BaseErrorHandler.php, line 146
include - APP/Template/Profiles/index.ctp, line 100
Cake\View\View::_evaluate() - CORE/src/View/View.php, line 1005
Cake\View\View::_render() - CORE/src/View/View.php, line 964
Cake\View\View::render() - CORE/src/View/View.php, line 588
Cake\Controller\Controller::render() - CORE/src/Controller/Controller.php, line 617
Cake\Http\ActionDispatcher::_invoke() - CORE/src/Http/ActionDispatcher.php, line 131
Cake\Http\ActionDispatcher::dispatch() - CORE/src/Http/ActionDispatcher.php, line 99
Cake\Routing\Dispatcher::dispatch() - CORE/src/Routing/Dispatcher.php, line 65
[main] - ROOT/webroot/index.php, line 36



2016-11-01 04:53:44 Notice: Notice (8): Trying to get property of non-object in [/Users/varunprathap/demoapp/src/Template/Profiles/index.ctp, line 26]
Request URL: /Profiles
Referer URL: http://localhost:8765/Positions/orgchart
Trace:
Cake\Error\BaseErrorHandler::handleError() - CORE/src/Error/BaseErrorHandler.php, line 146
include - APP/Template/Profiles/index.ctp, line 26
Cake\View\View::_evaluate() - CORE/src/View/View.php, line 1005
Cake\View\View::_render() - CORE/src/View/View.php, line 964
Cake\View\View::render() - CORE/src/View/View.php, line 588
Cake\Controller\Controller::render() - CORE/src/Controller/Controller.php, line 617
Cake\Http\ActionDispatcher::_invoke() - CORE/src/Http/ActionDispatcher.php, line 131
Cake\Http\ActionDispatcher::dispatch() - CORE/src/Http/ActionDispatcher.php, line 99
Cake\Routing\Dispatcher::dispatch() - CORE/src/Routing/Dispatcher.php, line 65
[main] - ROOT/webroot/index.php, line 36



2016-11-01 04:53:44 Notice: Notice (8): Trying to get property of non-object in [/Users/varunprathap/demoapp/src/Template/Profiles/index.ctp, line 27]
Request URL: /Profiles
Referer URL: http://localhost:8765/Positions/orgchart
Trace:
Cake\Error\BaseErrorHandler::handleError() - CORE/src/Error/BaseErrorHandler.php, line 146
include - APP/Template/Profiles/index.ctp, line 27
Cake\View\View::_evaluate() - CORE/src/View/View.php, line 1005
Cake\View\View::_render() - CORE/src/View/View.php, line 964
Cake\View\View::render() - CORE/src/View/View.php, line 588
Cake\Controller\Controller::render() - CORE/src/Controller/Controller.php, line 617
Cake\Http\ActionDispatcher::_invoke() - CORE/src/Http/ActionDispatcher.php, line 131
Cake\Http\ActionDispatcher::dispatch() - CORE/src/Http/ActionDispatcher.php, line 99
Cake\Routing\Dispatcher::dispatch() - CORE/src/Routing/Dispatcher.php, line 65
[main] - ROOT/webroot/index.php, line 36



2016-11-01 04:53:44 Notice: Notice (8): Trying to get property of non-object in [/Users/varunprathap/demoapp/src/Template/Profiles/index.ctp, line 88]
Request URL: /Profiles
Referer URL: http://localhost:8765/Positions/orgchart
Trace:
Cake\Error\BaseErrorHandler::handleError() - CORE/src/Error/BaseErrorHandler.php, line 146
include - APP/Template/Profiles/index.ctp, line 88
Cake\View\View::_evaluate() - CORE/src/View/View.php, line 1005
Cake\View\View::_render() - CORE/src/View/View.php, line 964
Cake\View\View::render() - CORE/src/View/View.php, line 588
Cake\Controller\Controller::render() - CORE/src/Controller/Controller.php, line 617
Cake\Http\ActionDispatcher::_invoke() - CORE/src/Http/ActionDispatcher.php, line 131
Cake\Http\ActionDispatcher::dispatch() - CORE/src/Http/ActionDispatcher.php, line 99
Cake\Routing\Dispatcher::dispatch() - CORE/src/Routing/Dispatcher.php, line 65
[main] - ROOT/webroot/index.php, line 36



2016-11-01 04:53:44 Notice: Notice (8): Trying to get property of non-object in [/Users/varunprathap/demoapp/src/Template/Profiles/index.ctp, line 100]
Request URL: /Profiles
Referer URL: http://localhost:8765/Positions/orgchart
Trace:
Cake\Error\BaseErrorHandler::handleError() - CORE/src/Error/BaseErrorHandler.php, line 146
include - APP/Template/Profiles/index.ctp, line 100
Cake\View\View::_evaluate() - CORE/src/View/View.php, line 1005
Cake\View\View::_render() - CORE/src/View/View.php, line 964
Cake\View\View::render() - CORE/src/View/View.php, line 588
Cake\Controller\Controller::render() - CORE/src/Controller/Controller.php, line 617
Cake\Http\ActionDispatcher::_invoke() - CORE/src/Http/ActionDispatcher.php, line 131
Cake\Http\ActionDispatcher::dispatch() - CORE/src/Http/ActionDispatcher.php, line 99
Cake\Routing\Dispatcher::dispatch() - CORE/src/Routing/Dispatcher.php, line 65
[main] - ROOT/webroot/index.php, line 36



2016-11-01 04:53:48 Notice: Notice (8): Undefined variable: contains in [/Users/varunprathap/demoapp/src/Controller/Component/DatatableComponent.php, line 68]
Request URL: /Holidays/ajaxData?draw=1&columns%5B0%5D%5Bdata%5D=0&columns%5B0%5D%5Bname%5D=&columns%5B0%5D%5Bsearchable%5D=true&columns%5B0%5D%5Borderable%5D=true&columns%5B0%5D%5Bsearch%5D%5Bvalue%5D=&columns%5B0%5D%5Bsearch%5D%5Bregex%5D=false&columns%5B1%5D%5Bdata%5D=1&columns%5B1%5D%5Bname%5D=&columns%5B1%5D%5Bsearchable%5D=true&columns%5B1%5D%5Borderable%5D=true&columns%5B1%5D%5Bsearch%5D%5Bvalue%5D=&columns%5B1%5D%5Bsearch%5D%5Bregex%5D=false&columns%5B2%5D%5Bdata%5D=2&columns%5B2%5D%5Bname%5D=&columns%5B2%5D%5Bsearchable%5D=true&columns%5B2%5D%5Borderable%5D=true&columns%5B2%5D%5Bsearch%5D%5Bvalue%5D=&columns%5B2%5D%5Bsearch%5D%5Bregex%5D=false&columns%5B3%5D%5Bdata%5D=3&columns%5B3%5D%5Bname%5D=&columns%5B3%5D%5Bsearchable%5D=true&columns%5B3%5D%5Borderable%5D=true&columns%5B3%5D%5Bsearch%5D%5Bvalue%5D=&columns%5B3%5D%5Bsearch%5D%5Bregex%5D=false&columns%5B4%5D%5Bdata%5D=4&columns%5B4%5D%5Bname%5D=&columns%5B4%5D%5Bsearchable%5D=true&columns%5B4%5D%5Borderable%5D=true&columns%5B4%5D%5Bsearch%5D%5Bvalue%5D=&columns%5B4%5D%5Bsearch%5D%5Bregex%5D=false&columns%5B5%5D%5Bdata%5D=5&columns%5B5%5D%5Bname%5D=&columns%5B5%5D%5Bsearchable%5D=true&columns%5B5%5D%5Borderable%5D=false&columns%5B5%5D%5Bsearch%5D%5Bvalue%5D=&columns%5B5%5D%5Bsearch%5D%5Bregex%5D=false&order%5B0%5D%5Bcolumn%5D=0&order%5B0%5D%5Bdir%5D=asc&start=0&length=10&search%5Bvalue%5D=&search%5Bregex%5D=false&_=1477976027755
Referer URL: http://localhost:8765/Holidays
Trace:
Cake\Error\BaseErrorHandler::handleError() - CORE/src/Error/BaseErrorHandler.php, line 146
App\Controller\Component\DatatableComponent::getView() - APP/Controller/Component/DatatableComponent.php, line 68
App\Controller\HolidaysController::ajaxData() - APP/Controller/HolidaysController.php, line 22
Cake\Controller\Controller::invokeAction() - CORE/src/Controller/Controller.php, line 435
Cake\Http\ActionDispatcher::_invoke() - CORE/src/Http/ActionDispatcher.php, line 125
Cake\Http\ActionDispatcher::dispatch() - CORE/src/Http/ActionDispatcher.php, line 99
Cake\Routing\Dispatcher::dispatch() - CORE/src/Routing/Dispatcher.php, line 65
[main] - ROOT/webroot/index.php, line 36



2016-11-01 04:53:52 Notice: Notice (8): Trying to get property of non-object in [/Users/varunprathap/demoapp/src/Template/Profiles/index.ctp, line 26]
Request URL: /Profiles
Referer URL: http://localhost:8765/Holidays
Trace:
Cake\Error\BaseErrorHandler::handleError() - CORE/src/Error/BaseErrorHandler.php, line 146
include - APP/Template/Profiles/index.ctp, line 26
Cake\View\View::_evaluate() - CORE/src/View/View.php, line 1005
Cake\View\View::_render() - CORE/src/View/View.php, line 964
Cake\View\View::render() - CORE/src/View/View.php, line 588
Cake\Controller\Controller::render() - CORE/src/Controller/Controller.php, line 617
Cake\Http\ActionDispatcher::_invoke() - CORE/src/Http/ActionDispatcher.php, line 131
Cake\Http\ActionDispatcher::dispatch() - CORE/src/Http/ActionDispatcher.php, line 99
Cake\Routing\Dispatcher::dispatch() - CORE/src/Routing/Dispatcher.php, line 65
[main] - ROOT/webroot/index.php, line 36



2016-11-01 04:53:52 Notice: Notice (8): Trying to get property of non-object in [/Users/varunprathap/demoapp/src/Template/Profiles/index.ctp, line 27]
Request URL: /Profiles
Referer URL: http://localhost:8765/Holidays
Trace:
Cake\Error\BaseErrorHandler::handleError() - CORE/src/Error/BaseErrorHandler.php, line 146
include - APP/Template/Profiles/index.ctp, line 27
Cake\View\View::_evaluate() - CORE/src/View/View.php, line 1005
Cake\View\View::_render() - CORE/src/View/View.php, line 964
Cake\View\View::render() - CORE/src/View/View.php, line 588
Cake\Controller\Controller::render() - CORE/src/Controller/Controller.php, line 617
Cake\Http\ActionDispatcher::_invoke() - CORE/src/Http/ActionDispatcher.php, line 131
Cake\Http\ActionDispatcher::dispatch() - CORE/src/Http/ActionDispatcher.php, line 99
Cake\Routing\Dispatcher::dispatch() - CORE/src/Routing/Dispatcher.php, line 65
[main] - ROOT/webroot/index.php, line 36



2016-11-01 04:53:52 Notice: Notice (8): Trying to get property of non-object in [/Users/varunprathap/demoapp/src/Template/Profiles/index.ctp, line 88]
Request URL: /Profiles
Referer URL: http://localhost:8765/Holidays
Trace:
Cake\Error\BaseErrorHandler::handleError() - CORE/src/Error/BaseErrorHandler.php, line 146
include - APP/Template/Profiles/index.ctp, line 88
Cake\View\View::_evaluate() - CORE/src/View/View.php, line 1005
Cake\View\View::_render() - CORE/src/View/View.php, line 964
Cake\View\View::render() - CORE/src/View/View.php, line 588
Cake\Controller\Controller::render() - CORE/src/Controller/Controller.php, line 617
Cake\Http\ActionDispatcher::_invoke() - CORE/src/Http/ActionDispatcher.php, line 131
Cake\Http\ActionDispatcher::dispatch() - CORE/src/Http/ActionDispatcher.php, line 99
Cake\Routing\Dispatcher::dispatch() - CORE/src/Routing/Dispatcher.php, line 65
[main] - ROOT/webroot/index.php, line 36



2016-11-01 04:53:52 Notice: Notice (8): Trying to get property of non-object in [/Users/varunprathap/demoapp/src/Template/Profiles/index.ctp, line 100]
Request URL: /Profiles
Referer URL: http://localhost:8765/Holidays
Trace:
Cake\Error\BaseErrorHandler::handleError() - CORE/src/Error/BaseErrorHandler.php, line 146
include - APP/Template/Profiles/index.ctp, line 100
Cake\View\View::_evaluate() - CORE/src/View/View.php, line 1005
Cake\View\View::_render() - CORE/src/View/View.php, line 964
Cake\View\View::render() - CORE/src/View/View.php, line 588
Cake\Controller\Controller::render() - CORE/src/Controller/Controller.php, line 617
Cake\Http\ActionDispatcher::_invoke() - CORE/src/Http/ActionDispatcher.php, line 131
Cake\Http\ActionDispatcher::dispatch() - CORE/src/Http/ActionDispatcher.php, line 99
Cake\Routing\Dispatcher::dispatch() - CORE/src/Routing/Dispatcher.php, line 65
[main] - ROOT/webroot/index.php, line 36



2016-11-01 05:03:45 Notice: Notice (8): Undefined variable: payGrades in [/Users/varunprathap/demoapp/src/Template/Jobs/add.ctp, line 41]
Request URL: /jobs/add
Referer URL: http://localhost:8765/Jobs
Trace:
Cake\Error\BaseErrorHandler::handleError() - CORE/src/Error/BaseErrorHandler.php, line 146
include - APP/Template/Jobs/add.ctp, line 41
Cake\View\View::_evaluate() - CORE/src/View/View.php, line 1005
Cake\View\View::_render() - CORE/src/View/View.php, line 964
Cake\View\View::render() - CORE/src/View/View.php, line 588
Cake\Controller\Controller::render() - CORE/src/Controller/Controller.php, line 617
Cake\Http\ActionDispatcher::_invoke() - CORE/src/Http/ActionDispatcher.php, line 131
Cake\Http\ActionDispatcher::dispatch() - CORE/src/Http/ActionDispatcher.php, line 99
Cake\Routing\Dispatcher::dispatch() - CORE/src/Routing/Dispatcher.php, line 65
[main] - ROOT/webroot/index.php, line 36



2016-11-01 05:29:01 Notice: Notice (8): Trying to get property of non-object in [/Users/varunprathap/demoapp/src/Template/Profiles/index.ctp, line 26]
Request URL: /Profiles
Referer URL: http://localhost:8765/
Trace:
Cake\Error\BaseErrorHandler::handleError() - CORE/src/Error/BaseErrorHandler.php, line 146
include - APP/Template/Profiles/index.ctp, line 26
Cake\View\View::_evaluate() - CORE/src/View/View.php, line 1005
Cake\View\View::_render() - CORE/src/View/View.php, line 964
Cake\View\View::render() - CORE/src/View/View.php, line 588
Cake\Controller\Controller::render() - CORE/src/Controller/Controller.php, line 617
Cake\Http\ActionDispatcher::_invoke() - CORE/src/Http/ActionDispatcher.php, line 131
Cake\Http\ActionDispatcher::dispatch() - CORE/src/Http/ActionDispatcher.php, line 99
Cake\Routing\Dispatcher::dispatch() - CORE/src/Routing/Dispatcher.php, line 65
[main] - ROOT/webroot/index.php, line 36



2016-11-01 05:29:01 Notice: Notice (8): Trying to get property of non-object in [/Users/varunprathap/demoapp/src/Template/Profiles/index.ctp, line 27]
Request URL: /Profiles
Referer URL: http://localhost:8765/
Trace:
Cake\Error\BaseErrorHandler::handleError() - CORE/src/Error/BaseErrorHandler.php, line 146
include - APP/Template/Profiles/index.ctp, line 27
Cake\View\View::_evaluate() - CORE/src/View/View.php, line 1005
Cake\View\View::_render() - CORE/src/View/View.php, line 964
Cake\View\View::render() - CORE/src/View/View.php, line 588
Cake\Controller\Controller::render() - CORE/src/Controller/Controller.php, line 617
Cake\Http\ActionDispatcher::_invoke() - CORE/src/Http/ActionDispatcher.php, line 131
Cake\Http\ActionDispatcher::dispatch() - CORE/src/Http/ActionDispatcher.php, line 99
Cake\Routing\Dispatcher::dispatch() - CORE/src/Routing/Dispatcher.php, line 65
[main] - ROOT/webroot/index.php, line 36



2016-11-01 05:29:01 Notice: Notice (8): Trying to get property of non-object in [/Users/varunprathap/demoapp/src/Template/Profiles/index.ctp, line 88]
Request URL: /Profiles
Referer URL: http://localhost:8765/
Trace:
Cake\Error\BaseErrorHandler::handleError() - CORE/src/Error/BaseErrorHandler.php, line 146
include - APP/Template/Profiles/index.ctp, line 88
Cake\View\View::_evaluate() - CORE/src/View/View.php, line 1005
Cake\View\View::_render() - CORE/src/View/View.php, line 964
Cake\View\View::render() - CORE/src/View/View.php, line 588
Cake\Controller\Controller::render() - CORE/src/Controller/Controller.php, line 617
Cake\Http\ActionDispatcher::_invoke() - CORE/src/Http/ActionDispatcher.php, line 131
Cake\Http\ActionDispatcher::dispatch() - CORE/src/Http/ActionDispatcher.php, line 99
Cake\Routing\Dispatcher::dispatch() - CORE/src/Routing/Dispatcher.php, line 65
[main] - ROOT/webroot/index.php, line 36



2016-11-01 05:29:01 Notice: Notice (8): Trying to get property of non-object in [/Users/varunprathap/demoapp/src/Template/Profiles/index.ctp, line 100]
Request URL: /Profiles
Referer URL: http://localhost:8765/
Trace:
Cake\Error\BaseErrorHandler::handleError() - CORE/src/Error/BaseErrorHandler.php, line 146
include - APP/Template/Profiles/index.ctp, line 100
Cake\View\View::_evaluate() - CORE/src/View/View.php, line 1005
Cake\View\View::_render() - CORE/src/View/View.php, line 964
Cake\View\View::render() - CORE/src/View/View.php, line 588
Cake\Controller\Controller::render() - CORE/src/Controller/Controller.php, line 617
Cake\Http\ActionDispatcher::_invoke() - CORE/src/Http/ActionDispatcher.php, line 131
Cake\Http\ActionDispatcher::dispatch() - CORE/src/Http/ActionDispatcher.php, line 99
Cake\Routing\Dispatcher::dispatch() - CORE/src/Routing/Dispatcher.php, line 65
[main] - ROOT/webroot/index.php, line 36



2016-11-01 05:32:57 Notice: Notice (8): Undefined variable: profile in [/Users/varunprathap/demoapp/src/Template/Profiles/index.ctp, line 9]
Request URL: /Profiles
Referer URL: http://localhost:8765/
Trace:
Cake\Error\BaseErrorHandler::handleError() - CORE/src/Error/BaseErrorHandler.php, line 146
include - APP/Template/Profiles/index.ctp, line 9
Cake\View\View::_evaluate() - CORE/src/View/View.php, line 1005
Cake\View\View::_render() - CORE/src/View/View.php, line 964
Cake\View\View::render() - CORE/src/View/View.php, line 588
Cake\Controller\Controller::render() - CORE/src/Controller/Controller.php, line 617
Cake\Http\ActionDispatcher::_invoke() - CORE/src/Http/ActionDispatcher.php, line 131
Cake\Http\ActionDispatcher::dispatch() - CORE/src/Http/ActionDispatcher.php, line 99
Cake\Routing\Dispatcher::dispatch() - CORE/src/Routing/Dispatcher.php, line 65
[main] - ROOT/webroot/index.php, line 36



2016-11-01 05:32:57 Notice: Notice (8): Undefined variable: payGrades in [/Users/varunprathap/demoapp/src/Template/Profiles/index.ctp, line 42]
Request URL: /Profiles
Referer URL: http://localhost:8765/
Trace:
Cake\Error\BaseErrorHandler::handleError() - CORE/src/Error/BaseErrorHandler.php, line 146
include - APP/Template/Profiles/index.ctp, line 42
Cake\View\View::_evaluate() - CORE/src/View/View.php, line 1005
Cake\View\View::_render() - CORE/src/View/View.php, line 964
Cake\View\View::render() - CORE/src/View/View.php, line 588
Cake\Controller\Controller::render() - CORE/src/Controller/Controller.php, line 617
Cake\Http\ActionDispatcher::_invoke() - CORE/src/Http/ActionDispatcher.php, line 131
Cake\Http\ActionDispatcher::dispatch() - CORE/src/Http/ActionDispatcher.php, line 99
Cake\Routing\Dispatcher::dispatch() - CORE/src/Routing/Dispatcher.php, line 65
[main] - ROOT/webroot/index.php, line 36



2016-11-01 05:32:57 Notice: Notice (8): Undefined variable: jobFunctions in [/Users/varunprathap/demoapp/src/Template/Profiles/index.ctp, line 43]
Request URL: /Profiles
Referer URL: http://localhost:8765/
Trace:
Cake\Error\BaseErrorHandler::handleError() - CORE/src/Error/BaseErrorHandler.php, line 146
include - APP/Template/Profiles/index.ctp, line 43
Cake\View\View::_evaluate() - CORE/src/View/View.php, line 1005
Cake\View\View::_render() - CORE/src/View/View.php, line 964
Cake\View\View::render() - CORE/src/View/View.php, line 588
Cake\Controller\Controller::render() - CORE/src/Controller/Controller.php, line 617
Cake\Http\ActionDispatcher::_invoke() - CORE/src/Http/ActionDispatcher.php, line 131
Cake\Http\ActionDispatcher::dispatch() - CORE/src/Http/ActionDispatcher.php, line 99
Cake\Routing\Dispatcher::dispatch() - CORE/src/Routing/Dispatcher.php, line 65
[main] - ROOT/webroot/index.php, line 36



2016-11-01 05:34:10 Notice: Notice (8): Undefined variable: profile in [/Users/varunprathap/demoapp/src/Template/Profiles/index.ctp, line 9]
Request URL: /Profiles
Trace:
Cake\Error\BaseErrorHandler::handleError() - CORE/src/Error/BaseErrorHandler.php, line 146
include - APP/Template/Profiles/index.ctp, line 9
Cake\View\View::_evaluate() - CORE/src/View/View.php, line 1005
Cake\View\View::_render() - CORE/src/View/View.php, line 964
Cake\View\View::render() - CORE/src/View/View.php, line 588
Cake\Controller\Controller::render() - CORE/src/Controller/Controller.php, line 617
Cake\Http\ActionDispatcher::_invoke() - CORE/src/Http/ActionDispatcher.php, line 131
Cake\Http\ActionDispatcher::dispatch() - CORE/src/Http/ActionDispatcher.php, line 99
Cake\Routing\Dispatcher::dispatch() - CORE/src/Routing/Dispatcher.php, line 65
[main] - ROOT/webroot/index.php, line 36



2016-11-01 05:34:10 Notice: Notice (8): Undefined variable: payGrades in [/Users/varunprathap/demoapp/src/Template/Profiles/index.ctp, line 42]
Request URL: /Profiles
Trace:
Cake\Error\BaseErrorHandler::handleError() - CORE/src/Error/BaseErrorHandler.php, line 146
include - APP/Template/Profiles/index.ctp, line 42
Cake\View\View::_evaluate() - CORE/src/View/View.php, line 1005
Cake\View\View::_render() - CORE/src/View/View.php, line 964
Cake\View\View::render() - CORE/src/View/View.php, line 588
Cake\Controller\Controller::render() - CORE/src/Controller/Controller.php, line 617
Cake\Http\ActionDispatcher::_invoke() - CORE/src/Http/ActionDispatcher.php, line 131
Cake\Http\ActionDispatcher::dispatch() - CORE/src/Http/ActionDispatcher.php, line 99
Cake\Routing\Dispatcher::dispatch() - CORE/src/Routing/Dispatcher.php, line 65
[main] - ROOT/webroot/index.php, line 36



2016-11-01 05:34:10 Notice: Notice (8): Undefined variable: jobFunctions in [/Users/varunprathap/demoapp/src/Template/Profiles/index.ctp, line 43]
Request URL: /Profiles
Trace:
Cake\Error\BaseErrorHandler::handleError() - CORE/src/Error/BaseErrorHandler.php, line 146
include - APP/Template/Profiles/index.ctp, line 43
Cake\View\View::_evaluate() - CORE/src/View/View.php, line 1005
Cake\View\View::_render() - CORE/src/View/View.php, line 964
Cake\View\View::render() - CORE/src/View/View.php, line 588
Cake\Controller\Controller::render() - CORE/src/Controller/Controller.php, line 617
Cake\Http\ActionDispatcher::_invoke() - CORE/src/Http/ActionDispatcher.php, line 131
Cake\Http\ActionDispatcher::dispatch() - CORE/src/Http/ActionDispatcher.php, line 99
Cake\Routing\Dispatcher::dispatch() - CORE/src/Routing/Dispatcher.php, line 65
[main] - ROOT/webroot/index.php, line 36



2016-11-01 05:34:50 Notice: Notice (8): Undefined variable: payGrades in [/Users/varunprathap/demoapp/src/Template/Jobs/add.ctp, line 41]
Request URL: /jobs/add
Referer URL: http://localhost:8765/Jobs
Trace:
Cake\Error\BaseErrorHandler::handleError() - CORE/src/Error/BaseErrorHandler.php, line 146
include - APP/Template/Jobs/add.ctp, line 41
Cake\View\View::_evaluate() - CORE/src/View/View.php, line 1005
Cake\View\View::_render() - CORE/src/View/View.php, line 964
Cake\View\View::render() - CORE/src/View/View.php, line 588
Cake\Controller\Controller::render() - CORE/src/Controller/Controller.php, line 617
Cake\Http\ActionDispatcher::_invoke() - CORE/src/Http/ActionDispatcher.php, line 131
Cake\Http\ActionDispatcher::dispatch() - CORE/src/Http/ActionDispatcher.php, line 99
Cake\Routing\Dispatcher::dispatch() - CORE/src/Routing/Dispatcher.php, line 65
[main] - ROOT/webroot/index.php, line 36



2016-11-01 05:41:30 Notice: Notice (8): Undefined variable: payGrades in [/Users/varunprathap/demoapp/src/Template/Jobs/add.ctp, line 41]
Request URL: /jobs/add
Referer URL: http://localhost:8765/Jobs
Trace:
Cake\Error\BaseErrorHandler::handleError() - CORE/src/Error/BaseErrorHandler.php, line 146
include - APP/Template/Jobs/add.ctp, line 41
Cake\View\View::_evaluate() - CORE/src/View/View.php, line 1005
Cake\View\View::_render() - CORE/src/View/View.php, line 964
Cake\View\View::render() - CORE/src/View/View.php, line 588
Cake\Controller\Controller::render() - CORE/src/Controller/Controller.php, line 617
Cake\Http\ActionDispatcher::_invoke() - CORE/src/Http/ActionDispatcher.php, line 131
Cake\Http\ActionDispatcher::dispatch() - CORE/src/Http/ActionDispatcher.php, line 99
Cake\Routing\Dispatcher::dispatch() - CORE/src/Routing/Dispatcher.php, line 65
[main] - ROOT/webroot/index.php, line 36



2016-11-01 05:42:01 Notice: Notice (8): Undefined variable: payGrades in [/Users/varunprathap/demoapp/src/Template/Jobs/add.ctp, line 41]
Request URL: /jobs/add
Referer URL: http://localhost:8765/Jobs
Trace:
Cake\Error\BaseErrorHandler::handleError() - CORE/src/Error/BaseErrorHandler.php, line 146
include - APP/Template/Jobs/add.ctp, line 41
Cake\View\View::_evaluate() - CORE/src/View/View.php, line 1005
Cake\View\View::_render() - CORE/src/View/View.php, line 964
Cake\View\View::render() - CORE/src/View/View.php, line 588
Cake\Controller\Controller::render() - CORE/src/Controller/Controller.php, line 617
Cake\Http\ActionDispatcher::_invoke() - CORE/src/Http/ActionDispatcher.php, line 131
Cake\Http\ActionDispatcher::dispatch() - CORE/src/Http/ActionDispatcher.php, line 99
Cake\Routing\Dispatcher::dispatch() - CORE/src/Routing/Dispatcher.php, line 65
[main] - ROOT/webroot/index.php, line 36



2016-11-01 06:17:52 Notice: Notice (8): Undefined variable: payGrades in [/Users/varunprathap/demoapp/src/Template/Jobs/add.ctp, line 41]
Request URL: /jobs/add
Referer URL: http://localhost:8765/Jobs
Trace:
Cake\Error\BaseErrorHandler::handleError() - CORE/src/Error/BaseErrorHandler.php, line 146
include - APP/Template/Jobs/add.ctp, line 41
Cake\View\View::_evaluate() - CORE/src/View/View.php, line 1005
Cake\View\View::_render() - CORE/src/View/View.php, line 964
Cake\View\View::render() - CORE/src/View/View.php, line 588
Cake\Controller\Controller::render() - CORE/src/Controller/Controller.php, line 617
Cake\Http\ActionDispatcher::_invoke() - CORE/src/Http/ActionDispatcher.php, line 131
Cake\Http\ActionDispatcher::dispatch() - CORE/src/Http/ActionDispatcher.php, line 99
Cake\Routing\Dispatcher::dispatch() - CORE/src/Routing/Dispatcher.php, line 65
[main] - ROOT/webroot/index.php, line 36



2016-11-01 06:19:51 Notice: Notice (8): Undefined variable: payGrades in [/Users/varunprathap/demoapp/src/Template/Jobs/add.ctp, line 41]
Request URL: /jobs/add
Referer URL: http://localhost:8765/Jobs
Trace:
Cake\Error\BaseErrorHandler::handleError() - CORE/src/Error/BaseErrorHandler.php, line 146
include - APP/Template/Jobs/add.ctp, line 41
Cake\View\View::_evaluate() - CORE/src/View/View.php, line 1005
Cake\View\View::_render() - CORE/src/View/View.php, line 964
Cake\View\View::render() - CORE/src/View/View.php, line 588
Cake\Controller\Controller::render() - CORE/src/Controller/Controller.php, line 617
Cake\Http\ActionDispatcher::_invoke() - CORE/src/Http/ActionDispatcher.php, line 131
Cake\Http\ActionDispatcher::dispatch() - CORE/src/Http/ActionDispatcher.php, line 99
Cake\Routing\Dispatcher::dispatch() - CORE/src/Routing/Dispatcher.php, line 65
[main] - ROOT/webroot/index.php, line 36



2016-11-01 06:26:52 Notice: Notice (8): Undefined variable: payGrades in [/Users/varunprathap/demoapp/src/Template/Jobs/add.ctp, line 41]
Request URL: /jobs/add
Referer URL: http://localhost:8765/Jobs
Trace:
Cake\Error\BaseErrorHandler::handleError() - CORE/src/Error/BaseErrorHandler.php, line 146
include - APP/Template/Jobs/add.ctp, line 41
Cake\View\View::_evaluate() - CORE/src/View/View.php, line 1005
Cake\View\View::_render() - CORE/src/View/View.php, line 964
Cake\View\View::render() - CORE/src/View/View.php, line 588
Cake\Controller\Controller::render() - CORE/src/Controller/Controller.php, line 617
Cake\Http\ActionDispatcher::_invoke() - CORE/src/Http/ActionDispatcher.php, line 131
Cake\Http\ActionDispatcher::dispatch() - CORE/src/Http/ActionDispatcher.php, line 99
Cake\Routing\Dispatcher::dispatch() - CORE/src/Routing/Dispatcher.php, line 65
[main] - ROOT/webroot/index.php, line 36



2016-11-01 06:27:22 Notice: Notice (8): Undefined variable: payGrades in [/Users/varunprathap/demoapp/src/Template/Jobs/add.ctp, line 41]
Request URL: /jobs/add
Referer URL: http://localhost:8765/Jobs
Trace:
Cake\Error\BaseErrorHandler::handleError() - CORE/src/Error/BaseErrorHandler.php, line 146
include - APP/Template/Jobs/add.ctp, line 41
Cake\View\View::_evaluate() - CORE/src/View/View.php, line 1005
Cake\View\View::_render() - CORE/src/View/View.php, line 964
Cake\View\View::render() - CORE/src/View/View.php, line 588
Cake\Controller\Controller::render() - CORE/src/Controller/Controller.php, line 617
Cake\Http\ActionDispatcher::_invoke() - CORE/src/Http/ActionDispatcher.php, line 131
Cake\Http\ActionDispatcher::dispatch() - CORE/src/Http/ActionDispatcher.php, line 99
Cake\Routing\Dispatcher::dispatch() - CORE/src/Routing/Dispatcher.php, line 65
[main] - ROOT/webroot/index.php, line 36



2016-11-01 06:31:33 Notice: Notice (8): Undefined variable: payGrades in [/Users/varunprathap/demoapp/src/Template/Jobs/add.ctp, line 41]
Request URL: /jobs/add
Referer URL: http://localhost:8765/Jobs
Trace:
Cake\Error\BaseErrorHandler::handleError() - CORE/src/Error/BaseErrorHandler.php, line 146
include - APP/Template/Jobs/add.ctp, line 41
Cake\View\View::_evaluate() - CORE/src/View/View.php, line 1005
Cake\View\View::_render() - CORE/src/View/View.php, line 964
Cake\View\View::render() - CORE/src/View/View.php, line 588
Cake\Controller\Controller::render() - CORE/src/Controller/Controller.php, line 617
Cake\Http\ActionDispatcher::_invoke() - CORE/src/Http/ActionDispatcher.php, line 131
Cake\Http\ActionDispatcher::dispatch() - CORE/src/Http/ActionDispatcher.php, line 99
Cake\Routing\Dispatcher::dispatch() - CORE/src/Routing/Dispatcher.php, line 65
[main] - ROOT/webroot/index.php, line 36



2016-11-01 07:09:10 Notice: Notice (8): Use of undefined constant employee - assumed 'employee' in [/Users/varunprathap/demoapp/src/Controller/EmployeesController.php, line 80]
Request URL: /employees/edit/17
Referer URL: http://localhost:8765/employees/edit/17
Trace:
Cake\Error\BaseErrorHandler::handleError() - CORE/src/Error/BaseErrorHandler.php, line 146
App\Controller\EmployeesController::edit() - APP/Controller/EmployeesController.php, line 80
Cake\Controller\Controller::invokeAction() - CORE/src/Controller/Controller.php, line 435
Cake\Http\ActionDispatcher::_invoke() - CORE/src/Http/ActionDispatcher.php, line 125
Cake\Http\ActionDispatcher::dispatch() - CORE/src/Http/ActionDispatcher.php, line 99
Cake\Routing\Dispatcher::dispatch() - CORE/src/Routing/Dispatcher.php, line 65
[main] - ROOT/webroot/index.php, line 36



2016-11-01 10:01:44 Notice: Notice (8): Undefined variable: profile in [/Users/varunprathap/demoapp/src/Template/Profiles/index.ctp, line 9]
Request URL: /Profiles
Trace:
Cake\Error\BaseErrorHandler::handleError() - CORE/src/Error/BaseErrorHandler.php, line 146
include - APP/Template/Profiles/index.ctp, line 9
Cake\View\View::_evaluate() - CORE/src/View/View.php, line 1005
Cake\View\View::_render() - CORE/src/View/View.php, line 964
Cake\View\View::render() - CORE/src/View/View.php, line 588
Cake\Controller\Controller::render() - CORE/src/Controller/Controller.php, line 617
Cake\Http\ActionDispatcher::_invoke() - CORE/src/Http/ActionDispatcher.php, line 131
Cake\Http\ActionDispatcher::dispatch() - CORE/src/Http/ActionDispatcher.php, line 99
Cake\Routing\Dispatcher::dispatch() - CORE/src/Routing/Dispatcher.php, line 65
[main] - ROOT/webroot/index.php, line 36



2016-11-01 10:01:44 Notice: Notice (8): Undefined variable: payGrades in [/Users/varunprathap/demoapp/src/Template/Profiles/index.ctp, line 42]
Request URL: /Profiles
Trace:
Cake\Error\BaseErrorHandler::handleError() - CORE/src/Error/BaseErrorHandler.php, line 146
include - APP/Template/Profiles/index.ctp, line 42
Cake\View\View::_evaluate() - CORE/src/View/View.php, line 1005
Cake\View\View::_render() - CORE/src/View/View.php, line 964
Cake\View\View::render() - CORE/src/View/View.php, line 588
Cake\Controller\Controller::render() - CORE/src/Controller/Controller.php, line 617
Cake\Http\ActionDispatcher::_invoke() - CORE/src/Http/ActionDispatcher.php, line 131
Cake\Http\ActionDispatcher::dispatch() - CORE/src/Http/ActionDispatcher.php, line 99
Cake\Routing\Dispatcher::dispatch() - CORE/src/Routing/Dispatcher.php, line 65
[main] - ROOT/webroot/index.php, line 36



2016-11-01 10:01:44 Notice: Notice (8): Undefined variable: jobFunctions in [/Users/varunprathap/demoapp/src/Template/Profiles/index.ctp, line 43]
Request URL: /Profiles
Trace:
Cake\Error\BaseErrorHandler::handleError() - CORE/src/Error/BaseErrorHandler.php, line 146
include - APP/Template/Profiles/index.ctp, line 43
Cake\View\View::_evaluate() - CORE/src/View/View.php, line 1005
Cake\View\View::_render() - CORE/src/View/View.php, line 964
Cake\View\View::render() - CORE/src/View/View.php, line 588
Cake\Controller\Controller::render() - CORE/src/Controller/Controller.php, line 617
Cake\Http\ActionDispatcher::_invoke() - CORE/src/Http/ActionDispatcher.php, line 131
Cake\Http\ActionDispatcher::dispatch() - CORE/src/Http/ActionDispatcher.php, line 99
Cake\Routing\Dispatcher::dispatch() - CORE/src/Routing/Dispatcher.php, line 65
[main] - ROOT/webroot/index.php, line 36



2016-11-01 10:01:54 Notice: Notice (8): Undefined variable: profile in [/Users/varunprathap/demoapp/src/Template/Profiles/editprofile.ctp, line 13]
Request URL: /Profiles/editprofile
Trace:
Cake\Error\BaseErrorHandler::handleError() - CORE/src/Error/BaseErrorHandler.php, line 146
include - APP/Template/Profiles/editprofile.ctp, line 13
Cake\View\View::_evaluate() - CORE/src/View/View.php, line 1005
Cake\View\View::_render() - CORE/src/View/View.php, line 964
Cake\View\View::render() - CORE/src/View/View.php, line 588
Cake\Controller\Controller::render() - CORE/src/Controller/Controller.php, line 617
Cake\Http\ActionDispatcher::_invoke() - CORE/src/Http/ActionDispatcher.php, line 131
Cake\Http\ActionDispatcher::dispatch() - CORE/src/Http/ActionDispatcher.php, line 99
Cake\Routing\Dispatcher::dispatch() - CORE/src/Routing/Dispatcher.php, line 65
[main] - ROOT/webroot/index.php, line 36



2016-11-01 10:03:20 Notice: Notice (8): Undefined variable: profile in [/Users/varunprathap/demoapp/src/Template/Profiles/editprofile.ctp, line 13]
Request URL: /Profiles/editprofile
Trace:
Cake\Error\BaseErrorHandler::handleError() - CORE/src/Error/BaseErrorHandler.php, line 146
include - APP/Template/Profiles/editprofile.ctp, line 13
Cake\View\View::_evaluate() - CORE/src/View/View.php, line 1005
Cake\View\View::_render() - CORE/src/View/View.php, line 964
Cake\View\View::render() - CORE/src/View/View.php, line 588
Cake\Controller\Controller::render() - CORE/src/Controller/Controller.php, line 617
Cake\Http\ActionDispatcher::_invoke() - CORE/src/Http/ActionDispatcher.php, line 131
Cake\Http\ActionDispatcher::dispatch() - CORE/src/Http/ActionDispatcher.php, line 99
Cake\Routing\Dispatcher::dispatch() - CORE/src/Routing/Dispatcher.php, line 65
[main] - ROOT/webroot/index.php, line 36



2016-11-01 10:04:25 Notice: Notice (8): Undefined variable: profile in [/Users/varunprathap/demoapp/src/Template/Profiles/editprofile.ctp, line 13]
Request URL: /Profiles/editprofile
Trace:
Cake\Error\BaseErrorHandler::handleError() - CORE/src/Error/BaseErrorHandler.php, line 146
include - APP/Template/Profiles/editprofile.ctp, line 13
Cake\View\View::_evaluate() - CORE/src/View/View.php, line 1005
Cake\View\View::_render() - CORE/src/View/View.php, line 964
Cake\View\View::render() - CORE/src/View/View.php, line 588
Cake\Controller\Controller::render() - CORE/src/Controller/Controller.php, line 617
Cake\Http\ActionDispatcher::_invoke() - CORE/src/Http/ActionDispatcher.php, line 131
Cake\Http\ActionDispatcher::dispatch() - CORE/src/Http/ActionDispatcher.php, line 99
Cake\Routing\Dispatcher::dispatch() - CORE/src/Routing/Dispatcher.php, line 65
[main] - ROOT/webroot/index.php, line 36



2016-11-01 11:01:49 Notice: Notice (8): Undefined variable: profile in [/Users/varunprathap/demoapp/src/Template/Profiles/index.ctp, line 9]
Request URL: /Profiles
Referer URL: http://localhost:8765/
Trace:
Cake\Error\BaseErrorHandler::handleError() - CORE/src/Error/BaseErrorHandler.php, line 146
include - APP/Template/Profiles/index.ctp, line 9
Cake\View\View::_evaluate() - CORE/src/View/View.php, line 1005
Cake\View\View::_render() - CORE/src/View/View.php, line 964
Cake\View\View::render() - CORE/src/View/View.php, line 588
Cake\Controller\Controller::render() - CORE/src/Controller/Controller.php, line 617
Cake\Http\ActionDispatcher::_invoke() - CORE/src/Http/ActionDispatcher.php, line 131
Cake\Http\ActionDispatcher::dispatch() - CORE/src/Http/ActionDispatcher.php, line 99
Cake\Routing\Dispatcher::dispatch() - CORE/src/Routing/Dispatcher.php, line 65
[main] - ROOT/webroot/index.php, line 36



2016-11-01 11:01:49 Notice: Notice (8): Undefined variable: payGrades in [/Users/varunprathap/demoapp/src/Template/Profiles/index.ctp, line 42]
Request URL: /Profiles
Referer URL: http://localhost:8765/
Trace:
Cake\Error\BaseErrorHandler::handleError() - CORE/src/Error/BaseErrorHandler.php, line 146
include - APP/Template/Profiles/index.ctp, line 42
Cake\View\View::_evaluate() - CORE/src/View/View.php, line 1005
Cake\View\View::_render() - CORE/src/View/View.php, line 964
Cake\View\View::render() - CORE/src/View/View.php, line 588
Cake\Controller\Controller::render() - CORE/src/Controller/Controller.php, line 617
Cake\Http\ActionDispatcher::_invoke() - CORE/src/Http/ActionDispatcher.php, line 131
Cake\Http\ActionDispatcher::dispatch() - CORE/src/Http/ActionDispatcher.php, line 99
Cake\Routing\Dispatcher::dispatch() - CORE/src/Routing/Dispatcher.php, line 65
[main] - ROOT/webroot/index.php, line 36



2016-11-01 11:01:49 Notice: Notice (8): Undefined variable: jobFunctions in [/Users/varunprathap/demoapp/src/Template/Profiles/index.ctp, line 43]
Request URL: /Profiles
Referer URL: http://localhost:8765/
Trace:
Cake\Error\BaseErrorHandler::handleError() - CORE/src/Error/BaseErrorHandler.php, line 146
include - APP/Template/Profiles/index.ctp, line 43
Cake\View\View::_evaluate() - CORE/src/View/View.php, line 1005
Cake\View\View::_render() - CORE/src/View/View.php, line 964
Cake\View\View::render() - CORE/src/View/View.php, line 588
Cake\Controller\Controller::render() - CORE/src/Controller/Controller.php, line 617
Cake\Http\ActionDispatcher::_invoke() - CORE/src/Http/ActionDispatcher.php, line 131
Cake\Http\ActionDispatcher::dispatch() - CORE/src/Http/ActionDispatcher.php, line 99
Cake\Routing\Dispatcher::dispatch() - CORE/src/Routing/Dispatcher.php, line 65
[main] - ROOT/webroot/index.php, line 36



2016-11-02 04:27:25 Notice: Notice (8): Undefined variable: locations in [/Users/varunprathap/demoapp/src/Template/LegalEntities/view.ctp, line 25]
Request URL: /LegalEntities/view/15
Referer URL: http://localhost:8765/LegalEntities
Trace:
Cake\Error\BaseErrorHandler::handleError() - CORE/src/Error/BaseErrorHandler.php, line 146
include - APP/Template/LegalEntities/view.ctp, line 25
Cake\View\View::_evaluate() - CORE/src/View/View.php, line 1005
Cake\View\View::_render() - CORE/src/View/View.php, line 964
Cake\View\View::render() - CORE/src/View/View.php, line 588
Cake\Controller\Controller::render() - CORE/src/Controller/Controller.php, line 617
Cake\Http\ActionDispatcher::_invoke() - CORE/src/Http/ActionDispatcher.php, line 131
Cake\Http\ActionDispatcher::dispatch() - CORE/src/Http/ActionDispatcher.php, line 99
Cake\Routing\Dispatcher::dispatch() - CORE/src/Routing/Dispatcher.php, line 65
[main] - ROOT/webroot/index.php, line 36



2016-11-02 04:27:25 Notice: Notice (8): Undefined variable: payGroups in [/Users/varunprathap/demoapp/src/Template/LegalEntities/view.ctp, line 26]
Request URL: /LegalEntities/view/15
Referer URL: http://localhost:8765/LegalEntities
Trace:
Cake\Error\BaseErrorHandler::handleError() - CORE/src/Error/BaseErrorHandler.php, line 146
include - APP/Template/LegalEntities/view.ctp, line 26
Cake\View\View::_evaluate() - CORE/src/View/View.php, line 1005
Cake\View\View::_render() - CORE/src/View/View.php, line 964
Cake\View\View::render() - CORE/src/View/View.php, line 588
Cake\Controller\Controller::render() - CORE/src/Controller/Controller.php, line 617
Cake\Http\ActionDispatcher::_invoke() - CORE/src/Http/ActionDispatcher.php, line 131
Cake\Http\ActionDispatcher::dispatch() - CORE/src/Http/ActionDispatcher.php, line 99
Cake\Routing\Dispatcher::dispatch() - CORE/src/Routing/Dispatcher.php, line 65
[main] - ROOT/webroot/index.php, line 36



2016-11-02 04:28:14 Notice: Notice (8): Undefined variable: locations in [/Users/varunprathap/demoapp/src/Template/LegalEntities/view.ctp, line 26]
Request URL: /LegalEntities/view/15
Referer URL: http://localhost:8765/LegalEntities
Trace:
Cake\Error\BaseErrorHandler::handleError() - CORE/src/Error/BaseErrorHandler.php, line 146
include - APP/Template/LegalEntities/view.ctp, line 26
Cake\View\View::_evaluate() - CORE/src/View/View.php, line 1005
Cake\View\View::_render() - CORE/src/View/View.php, line 964
Cake\View\View::render() - CORE/src/View/View.php, line 588
Cake\Controller\Controller::render() - CORE/src/Controller/Controller.php, line 617
Cake\Http\ActionDispatcher::_invoke() - CORE/src/Http/ActionDispatcher.php, line 131
Cake\Http\ActionDispatcher::dispatch() - CORE/src/Http/ActionDispatcher.php, line 99
Cake\Routing\Dispatcher::dispatch() - CORE/src/Routing/Dispatcher.php, line 65
[main] - ROOT/webroot/index.php, line 36



2016-11-02 04:28:14 Notice: Notice (8): Undefined variable: payGroups in [/Users/varunprathap/demoapp/src/Template/LegalEntities/view.ctp, line 27]
Request URL: /LegalEntities/view/15
Referer URL: http://localhost:8765/LegalEntities
Trace:
Cake\Error\BaseErrorHandler::handleError() - CORE/src/Error/BaseErrorHandler.php, line 146
include - APP/Template/LegalEntities/view.ctp, line 27
Cake\View\View::_evaluate() - CORE/src/View/View.php, line 1005
Cake\View\View::_render() - CORE/src/View/View.php, line 964
Cake\View\View::render() - CORE/src/View/View.php, line 588
Cake\Controller\Controller::render() - CORE/src/Controller/Controller.php, line 617
Cake\Http\ActionDispatcher::_invoke() - CORE/src/Http/ActionDispatcher.php, line 131
Cake\Http\ActionDispatcher::dispatch() - CORE/src/Http/ActionDispatcher.php, line 99
Cake\Routing\Dispatcher::dispatch() - CORE/src/Routing/Dispatcher.php, line 65
[main] - ROOT/webroot/index.php, line 36



2016-11-02 05:08:39 Notice: Notice (8): Undefined variable: businessUnit in [/Users/varunprathap/demoapp/src/Template/Departments/view.ctp, line 17]
Request URL: /Departments/view/11
Referer URL: http://localhost:8765/departments
Trace:
Cake\Error\BaseErrorHandler::handleError() - CORE/src/Error/BaseErrorHandler.php, line 146
include - APP/Template/Departments/view.ctp, line 17
Cake\View\View::_evaluate() - CORE/src/View/View.php, line 1005
Cake\View\View::_render() - CORE/src/View/View.php, line 964
Cake\View\View::render() - CORE/src/View/View.php, line 588
Cake\Controller\Controller::render() - CORE/src/Controller/Controller.php, line 617
Cake\Http\ActionDispatcher::_invoke() - CORE/src/Http/ActionDispatcher.php, line 131
Cake\Http\ActionDispatcher::dispatch() - CORE/src/Http/ActionDispatcher.php, line 99
Cake\Routing\Dispatcher::dispatch() - CORE/src/Routing/Dispatcher.php, line 65
[main] - ROOT/webroot/index.php, line 36



2016-11-02 05:08:39 Notice: Notice (8): Undefined variable: costCentres in [/Users/varunprathap/demoapp/src/Template/Departments/view.ctp, line 28]
Request URL: /Departments/view/11
Referer URL: http://localhost:8765/departments
Trace:
Cake\Error\BaseErrorHandler::handleError() - CORE/src/Error/BaseErrorHandler.php, line 146
include - APP/Template/Departments/view.ctp, line 28
Cake\View\View::_evaluate() - CORE/src/View/View.php, line 1005
Cake\View\View::_render() - CORE/src/View/View.php, line 964
Cake\View\View::render() - CORE/src/View/View.php, line 588
Cake\Controller\Controller::render() - CORE/src/Controller/Controller.php, line 617
Cake\Http\ActionDispatcher::_invoke() - CORE/src/Http/ActionDispatcher.php, line 131
Cake\Http\ActionDispatcher::dispatch() - CORE/src/Http/ActionDispatcher.php, line 99
Cake\Routing\Dispatcher::dispatch() - CORE/src/Routing/Dispatcher.php, line 65
[main] - ROOT/webroot/index.php, line 36



2016-11-02 05:08:39 Notice: Notice (8): Undefined variable: businessUnit in [/Users/varunprathap/demoapp/src/Template/Departments/view.ctp, line 33]
Request URL: /Departments/view/11
Referer URL: http://localhost:8765/departments
Trace:
Cake\Error\BaseErrorHandler::handleError() - CORE/src/Error/BaseErrorHandler.php, line 146
include - APP/Template/Departments/view.ctp, line 33
Cake\View\View::_evaluate() - CORE/src/View/View.php, line 1005
Cake\View\View::_render() - CORE/src/View/View.php, line 964
Cake\View\View::render() - CORE/src/View/View.php, line 588
Cake\Controller\Controller::render() - CORE/src/Controller/Controller.php, line 617
Cake\Http\ActionDispatcher::_invoke() - CORE/src/Http/ActionDispatcher.php, line 131
Cake\Http\ActionDispatcher::dispatch() - CORE/src/Http/ActionDispatcher.php, line 99
Cake\Routing\Dispatcher::dispatch() - CORE/src/Routing/Dispatcher.php, line 65
[main] - ROOT/webroot/index.php, line 36



2016-11-02 05:09:01 Notice: Notice (8): Undefined variable: costCentres in [/Users/varunprathap/demoapp/src/Template/Departments/view.ctp, line 28]
Request URL: /Departments/view/11
Referer URL: http://localhost:8765/departments
Trace:
Cake\Error\BaseErrorHandler::handleError() - CORE/src/Error/BaseErrorHandler.php, line 146
include - APP/Template/Departments/view.ctp, line 28
Cake\View\View::_evaluate() - CORE/src/View/View.php, line 1005
Cake\View\View::_render() - CORE/src/View/View.php, line 964
Cake\View\View::render() - CORE/src/View/View.php, line 588
Cake\Controller\Controller::render() - CORE/src/Controller/Controller.php, line 617
Cake\Http\ActionDispatcher::_invoke() - CORE/src/Http/ActionDispatcher.php, line 131
Cake\Http\ActionDispatcher::dispatch() - CORE/src/Http/ActionDispatcher.php, line 99
Cake\Routing\Dispatcher::dispatch() - CORE/src/Routing/Dispatcher.php, line 65
[main] - ROOT/webroot/index.php, line 36



2016-11-02 05:13:45 Notice: Notice (8): Undefined variable: legalEntity in [/Users/varunprathap/demoapp/src/Template/Divisions/view.ctp, line 17]
Request URL: /Divisions/view/11
Referer URL: http://localhost:8765/divisions
Trace:
Cake\Error\BaseErrorHandler::handleError() - CORE/src/Error/BaseErrorHandler.php, line 146
include - APP/Template/Divisions/view.ctp, line 17
Cake\View\View::_evaluate() - CORE/src/View/View.php, line 1005
Cake\View\View::_render() - CORE/src/View/View.php, line 964
Cake\View\View::render() - CORE/src/View/View.php, line 588
Cake\Controller\Controller::render() - CORE/src/Controller/Controller.php, line 617
Cake\Http\ActionDispatcher::_invoke() - CORE/src/Http/ActionDispatcher.php, line 131
Cake\Http\ActionDispatcher::dispatch() - CORE/src/Http/ActionDispatcher.php, line 99
Cake\Routing\Dispatcher::dispatch() - CORE/src/Routing/Dispatcher.php, line 65
[main] - ROOT/webroot/index.php, line 36



2016-11-02 05:13:45 Notice: Notice (8): Undefined variable: legalEntity in [/Users/varunprathap/demoapp/src/Template/Divisions/view.ctp, line 32]
Request URL: /Divisions/view/11
Referer URL: http://localhost:8765/divisions
Trace:
Cake\Error\BaseErrorHandler::handleError() - CORE/src/Error/BaseErrorHandler.php, line 146
include - APP/Template/Divisions/view.ctp, line 32
Cake\View\View::_evaluate() - CORE/src/View/View.php, line 1005
Cake\View\View::_render() - CORE/src/View/View.php, line 964
Cake\View\View::render() - CORE/src/View/View.php, line 588
Cake\Controller\Controller::render() - CORE/src/Controller/Controller.php, line 617
Cake\Http\ActionDispatcher::_invoke() - CORE/src/Http/ActionDispatcher.php, line 131
Cake\Http\ActionDispatcher::dispatch() - CORE/src/Http/ActionDispatcher.php, line 99
Cake\Routing\Dispatcher::dispatch() - CORE/src/Routing/Dispatcher.php, line 65
[main] - ROOT/webroot/index.php, line 36



2016-11-02 05:20:36 Notice: Notice (8): Undefined variable: legalEntity in [/Users/varunprathap/demoapp/src/Template/Divisions/view.ctp, line 17]
Request URL: /Divisions/view/11
Referer URL: http://localhost:8765/divisions
Trace:
Cake\Error\BaseErrorHandler::handleError() - CORE/src/Error/BaseErrorHandler.php, line 146
include - APP/Template/Divisions/view.ctp, line 17
Cake\View\View::_evaluate() - CORE/src/View/View.php, line 1005
Cake\View\View::_render() - CORE/src/View/View.php, line 964
Cake\View\View::render() - CORE/src/View/View.php, line 588
Cake\Controller\Controller::render() - CORE/src/Controller/Controller.php, line 617
Cake\Http\ActionDispatcher::_invoke() - CORE/src/Http/ActionDispatcher.php, line 131
Cake\Http\ActionDispatcher::dispatch() - CORE/src/Http/ActionDispatcher.php, line 99
Cake\Routing\Dispatcher::dispatch() - CORE/src/Routing/Dispatcher.php, line 65
[main] - ROOT/webroot/index.php, line 36



2016-11-02 05:20:36 Notice: Notice (8): Undefined variable: legalEntity in [/Users/varunprathap/demoapp/src/Template/Divisions/view.ctp, line 32]
Request URL: /Divisions/view/11
Referer URL: http://localhost:8765/divisions
Trace:
Cake\Error\BaseErrorHandler::handleError() - CORE/src/Error/BaseErrorHandler.php, line 146
include - APP/Template/Divisions/view.ctp, line 32
Cake\View\View::_evaluate() - CORE/src/View/View.php, line 1005
Cake\View\View::_render() - CORE/src/View/View.php, line 964
Cake\View\View::render() - CORE/src/View/View.php, line 588
Cake\Controller\Controller::render() - CORE/src/Controller/Controller.php, line 617
Cake\Http\ActionDispatcher::_invoke() - CORE/src/Http/ActionDispatcher.php, line 131
Cake\Http\ActionDispatcher::dispatch() - CORE/src/Http/ActionDispatcher.php, line 99
Cake\Routing\Dispatcher::dispatch() - CORE/src/Routing/Dispatcher.php, line 65
[main] - ROOT/webroot/index.php, line 36



2016-11-02 05:40:18 Notice: Notice (8): Undefined variable: locations in [/Users/varunprathap/demoapp/src/Template/Positions/view.ctp, line 27]
Request URL: /Positions/view/11
Referer URL: http://localhost:8765/positions
Trace:
Cake\Error\BaseErrorHandler::handleError() - CORE/src/Error/BaseErrorHandler.php, line 146
include - APP/Template/Positions/view.ctp, line 27
Cake\View\View::_evaluate() - CORE/src/View/View.php, line 1005
Cake\View\View::_render() - CORE/src/View/View.php, line 964
Cake\View\View::render() - CORE/src/View/View.php, line 588
Cake\Controller\Controller::render() - CORE/src/Controller/Controller.php, line 617
Cake\Http\ActionDispatcher::_invoke() - CORE/src/Http/ActionDispatcher.php, line 131
Cake\Http\ActionDispatcher::dispatch() - CORE/src/Http/ActionDispatcher.php, line 99
Cake\Routing\Dispatcher::dispatch() - CORE/src/Routing/Dispatcher.php, line 65
[main] - ROOT/webroot/index.php, line 36



2016-11-02 05:40:18 Notice: Notice (8): Undefined variable: payGroups in [/Users/varunprathap/demoapp/src/Template/Positions/view.ctp, line 28]
Request URL: /Positions/view/11
Referer URL: http://localhost:8765/positions
Trace:
Cake\Error\BaseErrorHandler::handleError() - CORE/src/Error/BaseErrorHandler.php, line 146
include - APP/Template/Positions/view.ctp, line 28
Cake\View\View::_evaluate() - CORE/src/View/View.php, line 1005
Cake\View\View::_render() - CORE/src/View/View.php, line 964
Cake\View\View::render() - CORE/src/View/View.php, line 588
Cake\Controller\Controller::render() - CORE/src/Controller/Controller.php, line 617
Cake\Http\ActionDispatcher::_invoke() - CORE/src/Http/ActionDispatcher.php, line 131
Cake\Http\ActionDispatcher::dispatch() - CORE/src/Http/ActionDispatcher.php, line 99
Cake\Routing\Dispatcher::dispatch() - CORE/src/Routing/Dispatcher.php, line 65
[main] - ROOT/webroot/index.php, line 36



2016-11-02 05:43:03 Notice: Notice (8): Undefined variable: customers in [/Users/varunprathap/demoapp/src/Template/Positions/view.ctp, line 44]
Request URL: /Positions/view/11
Referer URL: http://localhost:8765/positions
Trace:
Cake\Error\BaseErrorHandler::handleError() - CORE/src/Error/BaseErrorHandler.php, line 146
include - APP/Template/Positions/view.ctp, line 44
Cake\View\View::_evaluate() - CORE/src/View/View.php, line 1005
Cake\View\View::_render() - CORE/src/View/View.php, line 964
Cake\View\View::render() - CORE/src/View/View.php, line 588
Cake\Controller\Controller::render() - CORE/src/Controller/Controller.php, line 617
Cake\Http\ActionDispatcher::_invoke() - CORE/src/Http/ActionDispatcher.php, line 131
Cake\Http\ActionDispatcher::dispatch() - CORE/src/Http/ActionDispatcher.php, line 99
Cake\Routing\Dispatcher::dispatch() - CORE/src/Routing/Dispatcher.php, line 65
[main] - ROOT/webroot/index.php, line 36



2016-11-02 05:43:03 Notice: Notice (8): Undefined variable: legalEntities in [/Users/varunprathap/demoapp/src/Template/Positions/view.ctp, line 45]
Request URL: /Positions/view/11
Referer URL: http://localhost:8765/positions
Trace:
Cake\Error\BaseErrorHandler::handleError() - CORE/src/Error/BaseErrorHandler.php, line 146
include - APP/Template/Positions/view.ctp, line 45
Cake\View\View::_evaluate() - CORE/src/View/View.php, line 1005
Cake\View\View::_render() - CORE/src/View/View.php, line 964
Cake\View\View::render() - CORE/src/View/View.php, line 588
Cake\Controller\Controller::render() - CORE/src/Controller/Controller.php, line 617
Cake\Http\ActionDispatcher::_invoke() - CORE/src/Http/ActionDispatcher.php, line 131
Cake\Http\ActionDispatcher::dispatch() - CORE/src/Http/ActionDispatcher.php, line 99
Cake\Routing\Dispatcher::dispatch() - CORE/src/Routing/Dispatcher.php, line 65
[main] - ROOT/webroot/index.php, line 36



2016-11-02 05:43:03 Notice: Notice (8): Undefined variable: departments in [/Users/varunprathap/demoapp/src/Template/Positions/view.ctp, line 46]
Request URL: /Positions/view/11
Referer URL: http://localhost:8765/positions
Trace:
Cake\Error\BaseErrorHandler::handleError() - CORE/src/Error/BaseErrorHandler.php, line 146
include - APP/Template/Positions/view.ctp, line 46
Cake\View\View::_evaluate() - CORE/src/View/View.php, line 1005
Cake\View\View::_render() - CORE/src/View/View.php, line 964
Cake\View\View::render() - CORE/src/View/View.php, line 588
Cake\Controller\Controller::render() - CORE/src/Controller/Controller.php, line 617
Cake\Http\ActionDispatcher::_invoke() - CORE/src/Http/ActionDispatcher.php, line 131
Cake\Http\ActionDispatcher::dispatch() - CORE/src/Http/ActionDispatcher.php, line 99
Cake\Routing\Dispatcher::dispatch() - CORE/src/Routing/Dispatcher.php, line 65
[main] - ROOT/webroot/index.php, line 36



2016-11-02 05:43:03 Notice: Notice (8): Undefined variable: costCentres in [/Users/varunprathap/demoapp/src/Template/Positions/view.ctp, line 47]
Request URL: /Positions/view/11
Referer URL: http://localhost:8765/positions
Trace:
Cake\Error\BaseErrorHandler::handleError() - CORE/src/Error/BaseErrorHandler.php, line 146
include - APP/Template/Positions/view.ctp, line 47
Cake\View\View::_evaluate() - CORE/src/View/View.php, line 1005
Cake\View\View::_render() - CORE/src/View/View.php, line 964
Cake\View\View::render() - CORE/src/View/View.php, line 588
Cake\Controller\Controller::render() - CORE/src/Controller/Controller.php, line 617
Cake\Http\ActionDispatcher::_invoke() - CORE/src/Http/ActionDispatcher.php, line 131
Cake\Http\ActionDispatcher::dispatch() - CORE/src/Http/ActionDispatcher.php, line 99
Cake\Routing\Dispatcher::dispatch() - CORE/src/Routing/Dispatcher.php, line 65
[main] - ROOT/webroot/index.php, line 36



2016-11-02 05:43:03 Notice: Notice (8): Undefined variable: locations in [/Users/varunprathap/demoapp/src/Template/Positions/view.ctp, line 48]
Request URL: /Positions/view/11
Referer URL: http://localhost:8765/positions
Trace:
Cake\Error\BaseErrorHandler::handleError() - CORE/src/Error/BaseErrorHandler.php, line 146
include - APP/Template/Positions/view.ctp, line 48
Cake\View\View::_evaluate() - CORE/src/View/View.php, line 1005
Cake\View\View::_render() - CORE/src/View/View.php, line 964
Cake\View\View::render() - CORE/src/View/View.php, line 588
Cake\Controller\Controller::render() - CORE/src/Controller/Controller.php, line 617
Cake\Http\ActionDispatcher::_invoke() - CORE/src/Http/ActionDispatcher.php, line 131
Cake\Http\ActionDispatcher::dispatch() - CORE/src/Http/ActionDispatcher.php, line 99
Cake\Routing\Dispatcher::dispatch() - CORE/src/Routing/Dispatcher.php, line 65
[main] - ROOT/webroot/index.php, line 36



2016-11-02 05:43:03 Notice: Notice (8): Undefined variable: divisions in [/Users/varunprathap/demoapp/src/Template/Positions/view.ctp, line 49]
Request URL: /Positions/view/11
Referer URL: http://localhost:8765/positions
Trace:
Cake\Error\BaseErrorHandler::handleError() - CORE/src/Error/BaseErrorHandler.php, line 146
include - APP/Template/Positions/view.ctp, line 49
Cake\View\View::_evaluate() - CORE/src/View/View.php, line 1005
Cake\View\View::_render() - CORE/src/View/View.php, line 964
Cake\View\View::render() - CORE/src/View/View.php, line 588
Cake\Controller\Controller::render() - CORE/src/Controller/Controller.php, line 617
Cake\Http\ActionDispatcher::_invoke() - CORE/src/Http/ActionDispatcher.php, line 131
Cake\Http\ActionDispatcher::dispatch() - CORE/src/Http/ActionDispatcher.php, line 99
Cake\Routing\Dispatcher::dispatch() - CORE/src/Routing/Dispatcher.php, line 65
[main] - ROOT/webroot/index.php, line 36



2016-11-02 05:43:03 Notice: Notice (8): Undefined variable: payGrades in [/Users/varunprathap/demoapp/src/Template/Positions/view.ctp, line 50]
Request URL: /Positions/view/11
Referer URL: http://localhost:8765/positions
Trace:
Cake\Error\BaseErrorHandler::handleError() - CORE/src/Error/BaseErrorHandler.php, line 146
include - APP/Template/Positions/view.ctp, line 50
Cake\View\View::_evaluate() - CORE/src/View/View.php, line 1005
Cake\View\View::_render() - CORE/src/View/View.php, line 964
Cake\View\View::render() - CORE/src/View/View.php, line 588
Cake\Controller\Controller::render() - CORE/src/Controller/Controller.php, line 617
Cake\Http\ActionDispatcher::_invoke() - CORE/src/Http/ActionDispatcher.php, line 131
Cake\Http\ActionDispatcher::dispatch() - CORE/src/Http/ActionDispatcher.php, line 99
Cake\Routing\Dispatcher::dispatch() - CORE/src/Routing/Dispatcher.php, line 65
[main] - ROOT/webroot/index.php, line 36



2016-11-02 05:43:03 Notice: Notice (8): Undefined variable: payRanges in [/Users/varunprathap/demoapp/src/Template/Positions/view.ctp, line 51]
Request URL: /Positions/view/11
Referer URL: http://localhost:8765/positions
Trace:
Cake\Error\BaseErrorHandler::handleError() - CORE/src/Error/BaseErrorHandler.php, line 146
include - APP/Template/Positions/view.ctp, line 51
Cake\View\View::_evaluate() - CORE/src/View/View.php, line 1005
Cake\View\View::_render() - CORE/src/View/View.php, line 964
Cake\View\View::render() - CORE/src/View/View.php, line 588
Cake\Controller\Controller::render() - CORE/src/Controller/Controller.php, line 617
Cake\Http\ActionDispatcher::_invoke() - CORE/src/Http/ActionDispatcher.php, line 131
Cake\Http\ActionDispatcher::dispatch() - CORE/src/Http/ActionDispatcher.php, line 99
Cake\Routing\Dispatcher::dispatch() - CORE/src/Routing/Dispatcher.php, line 65
[main] - ROOT/webroot/index.php, line 36



2016-11-02 05:43:03 Notice: Notice (8): Undefined variable: parents in [/Users/varunprathap/demoapp/src/Template/Positions/view.ctp, line 52]
Request URL: /Positions/view/11
Referer URL: http://localhost:8765/positions
Trace:
Cake\Error\BaseErrorHandler::handleError() - CORE/src/Error/BaseErrorHandler.php, line 146
include - APP/Template/Positions/view.ctp, line 52
Cake\View\View::_evaluate() - CORE/src/View/View.php, line 1005
Cake\View\View::_render() - CORE/src/View/View.php, line 964
Cake\View\View::render() - CORE/src/View/View.php, line 588
Cake\Controller\Controller::render() - CORE/src/Controller/Controller.php, line 617
Cake\Http\ActionDispatcher::_invoke() - CORE/src/Http/ActionDispatcher.php, line 131
Cake\Http\ActionDispatcher::dispatch() - CORE/src/Http/ActionDispatcher.php, line 99
Cake\Routing\Dispatcher::dispatch() - CORE/src/Routing/Dispatcher.php, line 65
[main] - ROOT/webroot/index.php, line 36



2016-11-02 05:43:23 Notice: Notice (8): Undefined variable: customers in [/Users/varunprathap/demoapp/src/Template/Positions/view.ctp, line 44]
Request URL: /Positions/view/11
Referer URL: http://localhost:8765/positions
Trace:
Cake\Error\BaseErrorHandler::handleError() - CORE/src/Error/BaseErrorHandler.php, line 146
include - APP/Template/Positions/view.ctp, line 44
Cake\View\View::_evaluate() - CORE/src/View/View.php, line 1005
Cake\View\View::_render() - CORE/src/View/View.php, line 964
Cake\View\View::render() - CORE/src/View/View.php, line 588
Cake\Controller\Controller::render() - CORE/src/Controller/Controller.php, line 617
Cake\Http\ActionDispatcher::_invoke() - CORE/src/Http/ActionDispatcher.php, line 131
Cake\Http\ActionDispatcher::dispatch() - CORE/src/Http/ActionDispatcher.php, line 99
Cake\Routing\Dispatcher::dispatch() - CORE/src/Routing/Dispatcher.php, line 65
[main] - ROOT/webroot/index.php, line 36



2016-11-02 05:43:23 Notice: Notice (8): Undefined variable: legalEntities in [/Users/varunprathap/demoapp/src/Template/Positions/view.ctp, line 45]
Request URL: /Positions/view/11
Referer URL: http://localhost:8765/positions
Trace:
Cake\Error\BaseErrorHandler::handleError() - CORE/src/Error/BaseErrorHandler.php, line 146
include - APP/Template/Positions/view.ctp, line 45
Cake\View\View::_evaluate() - CORE/src/View/View.php, line 1005
Cake\View\View::_render() - CORE/src/View/View.php, line 964
Cake\View\View::render() - CORE/src/View/View.php, line 588
Cake\Controller\Controller::render() - CORE/src/Controller/Controller.php, line 617
Cake\Http\ActionDispatcher::_invoke() - CORE/src/Http/ActionDispatcher.php, line 131
Cake\Http\ActionDispatcher::dispatch() - CORE/src/Http/ActionDispatcher.php, line 99
Cake\Routing\Dispatcher::dispatch() - CORE/src/Routing/Dispatcher.php, line 65
[main] - ROOT/webroot/index.php, line 36



2016-11-02 05:43:23 Notice: Notice (8): Undefined variable: departments in [/Users/varunprathap/demoapp/src/Template/Positions/view.ctp, line 46]
Request URL: /Positions/view/11
Referer URL: http://localhost:8765/positions
Trace:
Cake\Error\BaseErrorHandler::handleError() - CORE/src/Error/BaseErrorHandler.php, line 146
include - APP/Template/Positions/view.ctp, line 46
Cake\View\View::_evaluate() - CORE/src/View/View.php, line 1005
Cake\View\View::_render() - CORE/src/View/View.php, line 964
Cake\View\View::render() - CORE/src/View/View.php, line 588
Cake\Controller\Controller::render() - CORE/src/Controller/Controller.php, line 617
Cake\Http\ActionDispatcher::_invoke() - CORE/src/Http/ActionDispatcher.php, line 131
Cake\Http\ActionDispatcher::dispatch() - CORE/src/Http/ActionDispatcher.php, line 99
Cake\Routing\Dispatcher::dispatch() - CORE/src/Routing/Dispatcher.php, line 65
[main] - ROOT/webroot/index.php, line 36



2016-11-02 05:43:23 Notice: Notice (8): Undefined variable: costCentres in [/Users/varunprathap/demoapp/src/Template/Positions/view.ctp, line 47]
Request URL: /Positions/view/11
Referer URL: http://localhost:8765/positions
Trace:
Cake\Error\BaseErrorHandler::handleError() - CORE/src/Error/BaseErrorHandler.php, line 146
include - APP/Template/Positions/view.ctp, line 47
Cake\View\View::_evaluate() - CORE/src/View/View.php, line 1005
Cake\View\View::_render() - CORE/src/View/View.php, line 964
Cake\View\View::render() - CORE/src/View/View.php, line 588
Cake\Controller\Controller::render() - CORE/src/Controller/Controller.php, line 617
Cake\Http\ActionDispatcher::_invoke() - CORE/src/Http/ActionDispatcher.php, line 131
Cake\Http\ActionDispatcher::dispatch() - CORE/src/Http/ActionDispatcher.php, line 99
Cake\Routing\Dispatcher::dispatch() - CORE/src/Routing/Dispatcher.php, line 65
[main] - ROOT/webroot/index.php, line 36



2016-11-02 05:43:23 Notice: Notice (8): Undefined variable: locations in [/Users/varunprathap/demoapp/src/Template/Positions/view.ctp, line 48]
Request URL: /Positions/view/11
Referer URL: http://localhost:8765/positions
Trace:
Cake\Error\BaseErrorHandler::handleError() - CORE/src/Error/BaseErrorHandler.php, line 146
include - APP/Template/Positions/view.ctp, line 48
Cake\View\View::_evaluate() - CORE/src/View/View.php, line 1005
Cake\View\View::_render() - CORE/src/View/View.php, line 964
Cake\View\View::render() - CORE/src/View/View.php, line 588
Cake\Controller\Controller::render() - CORE/src/Controller/Controller.php, line 617
Cake\Http\ActionDispatcher::_invoke() - CORE/src/Http/ActionDispatcher.php, line 131
Cake\Http\ActionDispatcher::dispatch() - CORE/src/Http/ActionDispatcher.php, line 99
Cake\Routing\Dispatcher::dispatch() - CORE/src/Routing/Dispatcher.php, line 65
[main] - ROOT/webroot/index.php, line 36



2016-11-02 05:43:23 Notice: Notice (8): Undefined variable: divisions in [/Users/varunprathap/demoapp/src/Template/Positions/view.ctp, line 49]
Request URL: /Positions/view/11
Referer URL: http://localhost:8765/positions
Trace:
Cake\Error\BaseErrorHandler::handleError() - CORE/src/Error/BaseErrorHandler.php, line 146
include - APP/Template/Positions/view.ctp, line 49
Cake\View\View::_evaluate() - CORE/src/View/View.php, line 1005
Cake\View\View::_render() - CORE/src/View/View.php, line 964
Cake\View\View::render() - CORE/src/View/View.php, line 588
Cake\Controller\Controller::render() - CORE/src/Controller/Controller.php, line 617
Cake\Http\ActionDispatcher::_invoke() - CORE/src/Http/ActionDispatcher.php, line 131
Cake\Http\ActionDispatcher::dispatch() - CORE/src/Http/ActionDispatcher.php, line 99
Cake\Routing\Dispatcher::dispatch() - CORE/src/Routing/Dispatcher.php, line 65
[main] - ROOT/webroot/index.php, line 36



2016-11-02 05:43:23 Notice: Notice (8): Undefined variable: payGrades in [/Users/varunprathap/demoapp/src/Template/Positions/view.ctp, line 50]
Request URL: /Positions/view/11
Referer URL: http://localhost:8765/positions
Trace:
Cake\Error\BaseErrorHandler::handleError() - CORE/src/Error/BaseErrorHandler.php, line 146
include - APP/Template/Positions/view.ctp, line 50
Cake\View\View::_evaluate() - CORE/src/View/View.php, line 1005
Cake\View\View::_render() - CORE/src/View/View.php, line 964
Cake\View\View::render() - CORE/src/View/View.php, line 588
Cake\Controller\Controller::render() - CORE/src/Controller/Controller.php, line 617
Cake\Http\ActionDispatcher::_invoke() - CORE/src/Http/ActionDispatcher.php, line 131
Cake\Http\ActionDispatcher::dispatch() - CORE/src/Http/ActionDispatcher.php, line 99
Cake\Routing\Dispatcher::dispatch() - CORE/src/Routing/Dispatcher.php, line 65
[main] - ROOT/webroot/index.php, line 36



2016-11-02 05:43:23 Notice: Notice (8): Undefined variable: payRanges in [/Users/varunprathap/demoapp/src/Template/Positions/view.ctp, line 51]
Request URL: /Positions/view/11
Referer URL: http://localhost:8765/positions
Trace:
Cake\Error\BaseErrorHandler::handleError() - CORE/src/Error/BaseErrorHandler.php, line 146
include - APP/Template/Positions/view.ctp, line 51
Cake\View\View::_evaluate() - CORE/src/View/View.php, line 1005
Cake\View\View::_render() - CORE/src/View/View.php, line 964
Cake\View\View::render() - CORE/src/View/View.php, line 588
Cake\Controller\Controller::render() - CORE/src/Controller/Controller.php, line 617
Cake\Http\ActionDispatcher::_invoke() - CORE/src/Http/ActionDispatcher.php, line 131
Cake\Http\ActionDispatcher::dispatch() - CORE/src/Http/ActionDispatcher.php, line 99
Cake\Routing\Dispatcher::dispatch() - CORE/src/Routing/Dispatcher.php, line 65
[main] - ROOT/webroot/index.php, line 36



2016-11-02 05:43:23 Notice: Notice (8): Undefined variable: parents in [/Users/varunprathap/demoapp/src/Template/Positions/view.ctp, line 52]
Request URL: /Positions/view/11
Referer URL: http://localhost:8765/positions
Trace:
Cake\Error\BaseErrorHandler::handleError() - CORE/src/Error/BaseErrorHandler.php, line 146
include - APP/Template/Positions/view.ctp, line 52
Cake\View\View::_evaluate() - CORE/src/View/View.php, line 1005
Cake\View\View::_render() - CORE/src/View/View.php, line 964
Cake\View\View::render() - CORE/src/View/View.php, line 588
Cake\Controller\Controller::render() - CORE/src/Controller/Controller.php, line 617
Cake\Http\ActionDispatcher::_invoke() - CORE/src/Http/ActionDispatcher.php, line 131
Cake\Http\ActionDispatcher::dispatch() - CORE/src/Http/ActionDispatcher.php, line 99
Cake\Routing\Dispatcher::dispatch() - CORE/src/Routing/Dispatcher.php, line 65
[main] - ROOT/webroot/index.php, line 36



2016-11-02 05:44:03 Notice: Notice (8): Undefined variable: customers in [/Users/varunprathap/demoapp/src/Template/Positions/view.ctp, line 44]
Request URL: /Positions/view/11
Referer URL: http://localhost:8765/positions
Trace:
Cake\Error\BaseErrorHandler::handleError() - CORE/src/Error/BaseErrorHandler.php, line 146
include - APP/Template/Positions/view.ctp, line 44
Cake\View\View::_evaluate() - CORE/src/View/View.php, line 1005
Cake\View\View::_render() - CORE/src/View/View.php, line 964
Cake\View\View::render() - CORE/src/View/View.php, line 588
Cake\Controller\Controller::render() - CORE/src/Controller/Controller.php, line 617
Cake\Http\ActionDispatcher::_invoke() - CORE/src/Http/ActionDispatcher.php, line 131
Cake\Http\ActionDispatcher::dispatch() - CORE/src/Http/ActionDispatcher.php, line 99
Cake\Routing\Dispatcher::dispatch() - CORE/src/Routing/Dispatcher.php, line 65
[main] - ROOT/webroot/index.php, line 36



2016-11-02 05:44:50 Notice: Notice (8): Undefined variable: payGrades in [/Users/varunprathap/demoapp/src/Template/Jobs/add.ctp, line 41]
Request URL: /jobs/add
Referer URL: http://localhost:8765/Jobs
Trace:
Cake\Error\BaseErrorHandler::handleError() - CORE/src/Error/BaseErrorHandler.php, line 146
include - APP/Template/Jobs/add.ctp, line 41
Cake\View\View::_evaluate() - CORE/src/View/View.php, line 1005
Cake\View\View::_render() - CORE/src/View/View.php, line 964
Cake\View\View::render() - CORE/src/View/View.php, line 588
Cake\Controller\Controller::render() - CORE/src/Controller/Controller.php, line 617
Cake\Http\ActionDispatcher::_invoke() - CORE/src/Http/ActionDispatcher.php, line 131
Cake\Http\ActionDispatcher::dispatch() - CORE/src/Http/ActionDispatcher.php, line 99
Cake\Routing\Dispatcher::dispatch() - CORE/src/Routing/Dispatcher.php, line 65
[main] - ROOT/webroot/index.php, line 36



2016-11-02 05:45:44 Notice: Notice (8): Undefined variable: payGrades in [/Users/varunprathap/demoapp/src/Template/Jobs/add.ctp, line 41]
Request URL: /jobs/add
Referer URL: http://localhost:8765/Jobs
Trace:
Cake\Error\BaseErrorHandler::handleError() - CORE/src/Error/BaseErrorHandler.php, line 146
include - APP/Template/Jobs/add.ctp, line 41
Cake\View\View::_evaluate() - CORE/src/View/View.php, line 1005
Cake\View\View::_render() - CORE/src/View/View.php, line 964
Cake\View\View::render() - CORE/src/View/View.php, line 588
Cake\Controller\Controller::render() - CORE/src/Controller/Controller.php, line 617
Cake\Http\ActionDispatcher::_invoke() - CORE/src/Http/ActionDispatcher.php, line 131
Cake\Http\ActionDispatcher::dispatch() - CORE/src/Http/ActionDispatcher.php, line 99
Cake\Routing\Dispatcher::dispatch() - CORE/src/Routing/Dispatcher.php, line 65
[main] - ROOT/webroot/index.php, line 36



2016-11-02 06:50:47 Notice: Notice (8): Undefined index: employee in [/Users/varunprathap/demoapp/src/Template/Element/stepformwizardelmnt.ctp, line 181]
Request URL: /legal-entities/addwizard
Trace:
Cake\Error\BaseErrorHandler::handleError() - CORE/src/Error/BaseErrorHandler.php, line 146
include - APP/Template/Element/stepformwizardelmnt.ctp, line 181
Cake\View\View::_evaluate() - CORE/src/View/View.php, line 1005
Cake\View\View::_render() - CORE/src/View/View.php, line 964
Cake\View\View::_renderElement() - CORE/src/View/View.php, line 1350
Cake\View\View::element() - CORE/src/View/View.php, line 493
include - APP/Template/LegalEntities/addwizard.ctp, line 2
Cake\View\View::_evaluate() - CORE/src/View/View.php, line 1005
Cake\View\View::_render() - CORE/src/View/View.php, line 964
Cake\View\View::render() - CORE/src/View/View.php, line 588
Cake\Controller\Controller::render() - CORE/src/Controller/Controller.php, line 617
Cake\Http\ActionDispatcher::_invoke() - CORE/src/Http/ActionDispatcher.php, line 131
Cake\Http\ActionDispatcher::dispatch() - CORE/src/Http/ActionDispatcher.php, line 99
Cake\Routing\Dispatcher::dispatch() - CORE/src/Routing/Dispatcher.php, line 65
[main] - ROOT/webroot/index.php, line 36



2016-11-02 06:52:27 Notice: Notice (8): Undefined index: employee in [/Users/varunprathap/demoapp/src/Template/Element/stepformwizardelmnt.ctp, line 181]
Request URL: /legal-entities/addwizard
Trace:
Cake\Error\BaseErrorHandler::handleError() - CORE/src/Error/BaseErrorHandler.php, line 146
include - APP/Template/Element/stepformwizardelmnt.ctp, line 181
Cake\View\View::_evaluate() - CORE/src/View/View.php, line 1005
Cake\View\View::_render() - CORE/src/View/View.php, line 964
Cake\View\View::_renderElement() - CORE/src/View/View.php, line 1350
Cake\View\View::element() - CORE/src/View/View.php, line 493
include - APP/Template/LegalEntities/addwizard.ctp, line 2
Cake\View\View::_evaluate() - CORE/src/View/View.php, line 1005
Cake\View\View::_render() - CORE/src/View/View.php, line 964
Cake\View\View::render() - CORE/src/View/View.php, line 588
Cake\Controller\Controller::render() - CORE/src/Controller/Controller.php, line 617
Cake\Http\ActionDispatcher::_invoke() - CORE/src/Http/ActionDispatcher.php, line 131
Cake\Http\ActionDispatcher::dispatch() - CORE/src/Http/ActionDispatcher.php, line 99
Cake\Routing\Dispatcher::dispatch() - CORE/src/Routing/Dispatcher.php, line 65
[main] - ROOT/webroot/index.php, line 36



2016-11-02 06:53:01 Notice: Notice (8): Undefined index: employee in [/Users/varunprathap/demoapp/src/Template/Element/stepformwizardelmnt.ctp, line 181]
Request URL: /legal-entities/addwizard
Trace:
Cake\Error\BaseErrorHandler::handleError() - CORE/src/Error/BaseErrorHandler.php, line 146
include - APP/Template/Element/stepformwizardelmnt.ctp, line 181
Cake\View\View::_evaluate() - CORE/src/View/View.php, line 1005
Cake\View\View::_render() - CORE/src/View/View.php, line 964
Cake\View\View::_renderElement() - CORE/src/View/View.php, line 1350
Cake\View\View::element() - CORE/src/View/View.php, line 493
include - APP/Template/LegalEntities/addwizard.ctp, line 2
Cake\View\View::_evaluate() - CORE/src/View/View.php, line 1005
Cake\View\View::_render() - CORE/src/View/View.php, line 964
Cake\View\View::render() - CORE/src/View/View.php, line 588
Cake\Controller\Controller::render() - CORE/src/Controller/Controller.php, line 617
Cake\Http\ActionDispatcher::_invoke() - CORE/src/Http/ActionDispatcher.php, line 131
Cake\Http\ActionDispatcher::dispatch() - CORE/src/Http/ActionDispatcher.php, line 99
Cake\Routing\Dispatcher::dispatch() - CORE/src/Routing/Dispatcher.php, line 65
[main] - ROOT/webroot/index.php, line 36



2016-11-02 06:56:15 Notice: Notice (8): Undefined variable: payGrades in [/Users/varunprathap/demoapp/src/Template/Jobs/add.ctp, line 41]
Request URL: /jobs/add
Referer URL: http://localhost:8765/Jobs
Trace:
Cake\Error\BaseErrorHandler::handleError() - CORE/src/Error/BaseErrorHandler.php, line 146
include - APP/Template/Jobs/add.ctp, line 41
Cake\View\View::_evaluate() - CORE/src/View/View.php, line 1005
Cake\View\View::_render() - CORE/src/View/View.php, line 964
Cake\View\View::render() - CORE/src/View/View.php, line 588
Cake\Controller\Controller::render() - CORE/src/Controller/Controller.php, line 617
Cake\Http\ActionDispatcher::_invoke() - CORE/src/Http/ActionDispatcher.php, line 131
Cake\Http\ActionDispatcher::dispatch() - CORE/src/Http/ActionDispatcher.php, line 99
Cake\Routing\Dispatcher::dispatch() - CORE/src/Routing/Dispatcher.php, line 65
[main] - ROOT/webroot/index.php, line 36



2016-11-02 09:16:25 Notice: Notice (8): Undefined variable: profile in [/Users/varunprathap/demoapp/src/Template/Profiles/index.ctp, line 9]
Request URL: /profiles
Referer URL: http://localhost:8765/Homes
Trace:
Cake\Error\BaseErrorHandler::handleError() - CORE/src/Error/BaseErrorHandler.php, line 146
include - APP/Template/Profiles/index.ctp, line 9
Cake\View\View::_evaluate() - CORE/src/View/View.php, line 1005
Cake\View\View::_render() - CORE/src/View/View.php, line 964
Cake\View\View::render() - CORE/src/View/View.php, line 588
Cake\Controller\Controller::render() - CORE/src/Controller/Controller.php, line 617
Cake\Http\ActionDispatcher::_invoke() - CORE/src/Http/ActionDispatcher.php, line 131
Cake\Http\ActionDispatcher::dispatch() - CORE/src/Http/ActionDispatcher.php, line 99
Cake\Routing\Dispatcher::dispatch() - CORE/src/Routing/Dispatcher.php, line 65
[main] - ROOT/webroot/index.php, line 36



2016-11-02 09:16:25 Notice: Notice (8): Undefined variable: payGrades in [/Users/varunprathap/demoapp/src/Template/Profiles/index.ctp, line 42]
Request URL: /profiles
Referer URL: http://localhost:8765/Homes
Trace:
Cake\Error\BaseErrorHandler::handleError() - CORE/src/Error/BaseErrorHandler.php, line 146
include - APP/Template/Profiles/index.ctp, line 42
Cake\View\View::_evaluate() - CORE/src/View/View.php, line 1005
Cake\View\View::_render() - CORE/src/View/View.php, line 964
Cake\View\View::render() - CORE/src/View/View.php, line 588
Cake\Controller\Controller::render() - CORE/src/Controller/Controller.php, line 617
Cake\Http\ActionDispatcher::_invoke() - CORE/src/Http/ActionDispatcher.php, line 131
Cake\Http\ActionDispatcher::dispatch() - CORE/src/Http/ActionDispatcher.php, line 99
Cake\Routing\Dispatcher::dispatch() - CORE/src/Routing/Dispatcher.php, line 65
[main] - ROOT/webroot/index.php, line 36



2016-11-02 09:16:25 Notice: Notice (8): Undefined variable: jobFunctions in [/Users/varunprathap/demoapp/src/Template/Profiles/index.ctp, line 43]
Request URL: /profiles
Referer URL: http://localhost:8765/Homes
Trace:
Cake\Error\BaseErrorHandler::handleError() - CORE/src/Error/BaseErrorHandler.php, line 146
include - APP/Template/Profiles/index.ctp, line 43
Cake\View\View::_evaluate() - CORE/src/View/View.php, line 1005
Cake\View\View::_render() - CORE/src/View/View.php, line 964
Cake\View\View::render() - CORE/src/View/View.php, line 588
Cake\Controller\Controller::render() - CORE/src/Controller/Controller.php, line 617
Cake\Http\ActionDispatcher::_invoke() - CORE/src/Http/ActionDispatcher.php, line 131
Cake\Http\ActionDispatcher::dispatch() - CORE/src/Http/ActionDispatcher.php, line 99
Cake\Routing\Dispatcher::dispatch() - CORE/src/Routing/Dispatcher.php, line 65
[main] - ROOT/webroot/index.php, line 36



